[2024-02-01 14:03:18,398] {processor.py:153} INFO - Started process (PID=40) to work on /opt/airflow/dags/get_price_FB.py
[2024-02-01 14:03:18,398] {processor.py:641} INFO - Processing file /opt/airflow/dags/get_price_FB.py for tasks to queue
[2024-02-01 14:03:18,399] {logging_mixin.py:115} INFO - [2024-02-01 14:03:18,399] {dagbag.py:507} INFO - Filling up the DagBag from /opt/airflow/dags/get_price_FB.py
[2024-02-01 14:03:18,446] {processor.py:653} WARNING - No viable dags retrieved from /opt/airflow/dags/get_price_FB.py
[2024-02-01 14:03:18,468] {processor.py:161} INFO - Processing /opt/airflow/dags/get_price_FB.py took 0.075 seconds
[2024-02-01 14:03:48,923] {processor.py:153} INFO - Started process (PID=102) to work on /opt/airflow/dags/get_price_FB.py
[2024-02-01 14:03:48,924] {processor.py:641} INFO - Processing file /opt/airflow/dags/get_price_FB.py for tasks to queue
[2024-02-01 14:03:48,925] {logging_mixin.py:115} INFO - [2024-02-01 14:03:48,925] {dagbag.py:507} INFO - Filling up the DagBag from /opt/airflow/dags/get_price_FB.py
[2024-02-01 14:03:48,942] {processor.py:653} WARNING - No viable dags retrieved from /opt/airflow/dags/get_price_FB.py
[2024-02-01 14:03:48,951] {processor.py:161} INFO - Processing /opt/airflow/dags/get_price_FB.py took 0.032 seconds
[2024-02-01 14:04:19,498] {processor.py:153} INFO - Started process (PID=164) to work on /opt/airflow/dags/get_price_FB.py
[2024-02-01 14:04:19,499] {processor.py:641} INFO - Processing file /opt/airflow/dags/get_price_FB.py for tasks to queue
[2024-02-01 14:04:19,499] {logging_mixin.py:115} INFO - [2024-02-01 14:04:19,499] {dagbag.py:507} INFO - Filling up the DagBag from /opt/airflow/dags/get_price_FB.py
[2024-02-01 14:04:19,523] {processor.py:653} WARNING - No viable dags retrieved from /opt/airflow/dags/get_price_FB.py
[2024-02-01 14:04:19,533] {processor.py:161} INFO - Processing /opt/airflow/dags/get_price_FB.py took 0.038 seconds
[2024-02-01 14:04:50,089] {processor.py:153} INFO - Started process (PID=226) to work on /opt/airflow/dags/get_price_FB.py
[2024-02-01 14:04:50,090] {processor.py:641} INFO - Processing file /opt/airflow/dags/get_price_FB.py for tasks to queue
[2024-02-01 14:04:50,091] {logging_mixin.py:115} INFO - [2024-02-01 14:04:50,091] {dagbag.py:507} INFO - Filling up the DagBag from /opt/airflow/dags/get_price_FB.py
[2024-02-01 14:04:50,187] {processor.py:653} WARNING - No viable dags retrieved from /opt/airflow/dags/get_price_FB.py
[2024-02-01 14:04:50,217] {processor.py:161} INFO - Processing /opt/airflow/dags/get_price_FB.py took 0.133 seconds
[2024-02-01 14:05:20,936] {processor.py:153} INFO - Started process (PID=279) to work on /opt/airflow/dags/get_price_FB.py
[2024-02-01 14:05:20,937] {processor.py:641} INFO - Processing file /opt/airflow/dags/get_price_FB.py for tasks to queue
[2024-02-01 14:05:20,938] {logging_mixin.py:115} INFO - [2024-02-01 14:05:20,938] {dagbag.py:507} INFO - Filling up the DagBag from /opt/airflow/dags/get_price_FB.py
[2024-02-01 14:05:20,961] {processor.py:653} WARNING - No viable dags retrieved from /opt/airflow/dags/get_price_FB.py
[2024-02-01 14:05:20,975] {processor.py:161} INFO - Processing /opt/airflow/dags/get_price_FB.py took 0.043 seconds
[2024-02-01 14:05:51,677] {processor.py:153} INFO - Started process (PID=340) to work on /opt/airflow/dags/get_price_FB.py
[2024-02-01 14:05:51,678] {processor.py:641} INFO - Processing file /opt/airflow/dags/get_price_FB.py for tasks to queue
[2024-02-01 14:05:51,679] {logging_mixin.py:115} INFO - [2024-02-01 14:05:51,679] {dagbag.py:507} INFO - Filling up the DagBag from /opt/airflow/dags/get_price_FB.py
[2024-02-01 14:05:51,699] {processor.py:653} WARNING - No viable dags retrieved from /opt/airflow/dags/get_price_FB.py
[2024-02-01 14:05:51,711] {processor.py:161} INFO - Processing /opt/airflow/dags/get_price_FB.py took 0.038 seconds
[2024-02-01 14:06:22,294] {processor.py:153} INFO - Started process (PID=402) to work on /opt/airflow/dags/get_price_FB.py
[2024-02-01 14:06:22,294] {processor.py:641} INFO - Processing file /opt/airflow/dags/get_price_FB.py for tasks to queue
[2024-02-01 14:06:22,295] {logging_mixin.py:115} INFO - [2024-02-01 14:06:22,295] {dagbag.py:507} INFO - Filling up the DagBag from /opt/airflow/dags/get_price_FB.py
[2024-02-01 14:06:22,306] {processor.py:653} WARNING - No viable dags retrieved from /opt/airflow/dags/get_price_FB.py
[2024-02-01 14:06:22,314] {processor.py:161} INFO - Processing /opt/airflow/dags/get_price_FB.py took 0.022 seconds
[2024-02-01 14:06:52,831] {processor.py:153} INFO - Started process (PID=464) to work on /opt/airflow/dags/get_price_FB.py
[2024-02-01 14:06:52,832] {processor.py:641} INFO - Processing file /opt/airflow/dags/get_price_FB.py for tasks to queue
[2024-02-01 14:06:52,833] {logging_mixin.py:115} INFO - [2024-02-01 14:06:52,833] {dagbag.py:507} INFO - Filling up the DagBag from /opt/airflow/dags/get_price_FB.py
[2024-02-01 14:06:52,860] {processor.py:653} WARNING - No viable dags retrieved from /opt/airflow/dags/get_price_FB.py
[2024-02-01 14:06:52,869] {processor.py:161} INFO - Processing /opt/airflow/dags/get_price_FB.py took 0.049 seconds
[2024-02-01 14:07:23,566] {processor.py:153} INFO - Started process (PID=526) to work on /opt/airflow/dags/get_price_FB.py
[2024-02-01 14:07:23,567] {processor.py:641} INFO - Processing file /opt/airflow/dags/get_price_FB.py for tasks to queue
[2024-02-01 14:07:23,568] {logging_mixin.py:115} INFO - [2024-02-01 14:07:23,568] {dagbag.py:507} INFO - Filling up the DagBag from /opt/airflow/dags/get_price_FB.py
[2024-02-01 14:07:23,585] {processor.py:653} WARNING - No viable dags retrieved from /opt/airflow/dags/get_price_FB.py
[2024-02-01 14:07:23,596] {processor.py:161} INFO - Processing /opt/airflow/dags/get_price_FB.py took 0.033 seconds
[2024-02-01 14:07:54,308] {processor.py:153} INFO - Started process (PID=588) to work on /opt/airflow/dags/get_price_FB.py
[2024-02-01 14:07:54,309] {processor.py:641} INFO - Processing file /opt/airflow/dags/get_price_FB.py for tasks to queue
[2024-02-01 14:07:54,310] {logging_mixin.py:115} INFO - [2024-02-01 14:07:54,310] {dagbag.py:507} INFO - Filling up the DagBag from /opt/airflow/dags/get_price_FB.py
[2024-02-01 14:07:54,327] {processor.py:653} WARNING - No viable dags retrieved from /opt/airflow/dags/get_price_FB.py
[2024-02-01 14:07:54,337] {processor.py:161} INFO - Processing /opt/airflow/dags/get_price_FB.py took 0.034 seconds
[2024-02-01 14:08:24,846] {processor.py:153} INFO - Started process (PID=641) to work on /opt/airflow/dags/get_price_FB.py
[2024-02-01 14:08:24,847] {processor.py:641} INFO - Processing file /opt/airflow/dags/get_price_FB.py for tasks to queue
[2024-02-01 14:08:24,847] {logging_mixin.py:115} INFO - [2024-02-01 14:08:24,847] {dagbag.py:507} INFO - Filling up the DagBag from /opt/airflow/dags/get_price_FB.py
[2024-02-01 14:08:24,858] {processor.py:653} WARNING - No viable dags retrieved from /opt/airflow/dags/get_price_FB.py
[2024-02-01 14:08:24,867] {processor.py:161} INFO - Processing /opt/airflow/dags/get_price_FB.py took 0.023 seconds
[2024-02-01 14:08:55,634] {processor.py:153} INFO - Started process (PID=703) to work on /opt/airflow/dags/get_price_FB.py
[2024-02-01 14:08:55,635] {processor.py:641} INFO - Processing file /opt/airflow/dags/get_price_FB.py for tasks to queue
[2024-02-01 14:08:55,635] {logging_mixin.py:115} INFO - [2024-02-01 14:08:55,635] {dagbag.py:507} INFO - Filling up the DagBag from /opt/airflow/dags/get_price_FB.py
[2024-02-01 14:08:55,651] {processor.py:653} WARNING - No viable dags retrieved from /opt/airflow/dags/get_price_FB.py
[2024-02-01 14:08:55,660] {processor.py:161} INFO - Processing /opt/airflow/dags/get_price_FB.py took 0.030 seconds
[2024-02-01 14:09:26,494] {processor.py:153} INFO - Started process (PID=765) to work on /opt/airflow/dags/get_price_FB.py
[2024-02-01 14:09:26,495] {processor.py:641} INFO - Processing file /opt/airflow/dags/get_price_FB.py for tasks to queue
[2024-02-01 14:09:26,495] {logging_mixin.py:115} INFO - [2024-02-01 14:09:26,495] {dagbag.py:507} INFO - Filling up the DagBag from /opt/airflow/dags/get_price_FB.py
[2024-02-01 14:09:26,514] {processor.py:653} WARNING - No viable dags retrieved from /opt/airflow/dags/get_price_FB.py
[2024-02-01 14:09:26,526] {processor.py:161} INFO - Processing /opt/airflow/dags/get_price_FB.py took 0.036 seconds
[2024-02-01 14:09:57,296] {processor.py:153} INFO - Started process (PID=827) to work on /opt/airflow/dags/get_price_FB.py
[2024-02-01 14:09:57,297] {processor.py:641} INFO - Processing file /opt/airflow/dags/get_price_FB.py for tasks to queue
[2024-02-01 14:09:57,297] {logging_mixin.py:115} INFO - [2024-02-01 14:09:57,297] {dagbag.py:507} INFO - Filling up the DagBag from /opt/airflow/dags/get_price_FB.py
[2024-02-01 14:09:57,309] {processor.py:653} WARNING - No viable dags retrieved from /opt/airflow/dags/get_price_FB.py
[2024-02-01 14:09:57,318] {processor.py:161} INFO - Processing /opt/airflow/dags/get_price_FB.py took 0.025 seconds
[2024-02-01 14:10:28,114] {processor.py:153} INFO - Started process (PID=889) to work on /opt/airflow/dags/get_price_FB.py
[2024-02-01 14:10:28,115] {processor.py:641} INFO - Processing file /opt/airflow/dags/get_price_FB.py for tasks to queue
[2024-02-01 14:10:28,116] {logging_mixin.py:115} INFO - [2024-02-01 14:10:28,116] {dagbag.py:507} INFO - Filling up the DagBag from /opt/airflow/dags/get_price_FB.py
[2024-02-01 14:10:28,127] {processor.py:653} WARNING - No viable dags retrieved from /opt/airflow/dags/get_price_FB.py
[2024-02-01 14:10:28,137] {processor.py:161} INFO - Processing /opt/airflow/dags/get_price_FB.py took 0.025 seconds
[2024-02-01 14:10:58,212] {processor.py:153} INFO - Started process (PID=951) to work on /opt/airflow/dags/get_price_FB.py
[2024-02-01 14:10:58,213] {processor.py:641} INFO - Processing file /opt/airflow/dags/get_price_FB.py for tasks to queue
[2024-02-01 14:10:58,214] {logging_mixin.py:115} INFO - [2024-02-01 14:10:58,214] {dagbag.py:507} INFO - Filling up the DagBag from /opt/airflow/dags/get_price_FB.py
[2024-02-01 14:10:58,233] {processor.py:653} WARNING - No viable dags retrieved from /opt/airflow/dags/get_price_FB.py
[2024-02-01 14:10:58,243] {processor.py:161} INFO - Processing /opt/airflow/dags/get_price_FB.py took 0.035 seconds
[2024-02-01 14:11:28,407] {processor.py:153} INFO - Started process (PID=1013) to work on /opt/airflow/dags/get_price_FB.py
[2024-02-01 14:11:28,408] {processor.py:641} INFO - Processing file /opt/airflow/dags/get_price_FB.py for tasks to queue
[2024-02-01 14:11:28,408] {logging_mixin.py:115} INFO - [2024-02-01 14:11:28,408] {dagbag.py:507} INFO - Filling up the DagBag from /opt/airflow/dags/get_price_FB.py
[2024-02-01 14:11:28,431] {processor.py:653} WARNING - No viable dags retrieved from /opt/airflow/dags/get_price_FB.py
[2024-02-01 14:11:28,443] {processor.py:161} INFO - Processing /opt/airflow/dags/get_price_FB.py took 0.040 seconds
[2024-02-01 14:11:58,478] {processor.py:153} INFO - Started process (PID=1066) to work on /opt/airflow/dags/get_price_FB.py
[2024-02-01 14:11:58,479] {processor.py:641} INFO - Processing file /opt/airflow/dags/get_price_FB.py for tasks to queue
[2024-02-01 14:11:58,480] {logging_mixin.py:115} INFO - [2024-02-01 14:11:58,480] {dagbag.py:507} INFO - Filling up the DagBag from /opt/airflow/dags/get_price_FB.py
[2024-02-01 14:11:58,495] {processor.py:653} WARNING - No viable dags retrieved from /opt/airflow/dags/get_price_FB.py
[2024-02-01 14:11:58,507] {processor.py:161} INFO - Processing /opt/airflow/dags/get_price_FB.py took 0.033 seconds
[2024-02-01 14:12:28,741] {processor.py:153} INFO - Started process (PID=1128) to work on /opt/airflow/dags/get_price_FB.py
[2024-02-01 14:12:28,742] {processor.py:641} INFO - Processing file /opt/airflow/dags/get_price_FB.py for tasks to queue
[2024-02-01 14:12:28,743] {logging_mixin.py:115} INFO - [2024-02-01 14:12:28,743] {dagbag.py:507} INFO - Filling up the DagBag from /opt/airflow/dags/get_price_FB.py
[2024-02-01 14:12:28,764] {processor.py:653} WARNING - No viable dags retrieved from /opt/airflow/dags/get_price_FB.py
[2024-02-01 14:12:28,775] {processor.py:161} INFO - Processing /opt/airflow/dags/get_price_FB.py took 0.037 seconds
[2024-02-01 14:12:59,630] {processor.py:153} INFO - Started process (PID=1190) to work on /opt/airflow/dags/get_price_FB.py
[2024-02-01 14:12:59,631] {processor.py:641} INFO - Processing file /opt/airflow/dags/get_price_FB.py for tasks to queue
[2024-02-01 14:12:59,632] {logging_mixin.py:115} INFO - [2024-02-01 14:12:59,632] {dagbag.py:507} INFO - Filling up the DagBag from /opt/airflow/dags/get_price_FB.py
[2024-02-01 14:12:59,650] {processor.py:653} WARNING - No viable dags retrieved from /opt/airflow/dags/get_price_FB.py
[2024-02-01 14:12:59,659] {processor.py:161} INFO - Processing /opt/airflow/dags/get_price_FB.py took 0.033 seconds
[2024-02-01 14:13:29,757] {processor.py:153} INFO - Started process (PID=1252) to work on /opt/airflow/dags/get_price_FB.py
[2024-02-01 14:13:29,759] {processor.py:641} INFO - Processing file /opt/airflow/dags/get_price_FB.py for tasks to queue
[2024-02-01 14:13:29,759] {logging_mixin.py:115} INFO - [2024-02-01 14:13:29,759] {dagbag.py:507} INFO - Filling up the DagBag from /opt/airflow/dags/get_price_FB.py
[2024-02-01 14:13:29,770] {processor.py:653} WARNING - No viable dags retrieved from /opt/airflow/dags/get_price_FB.py
[2024-02-01 14:13:29,778] {processor.py:161} INFO - Processing /opt/airflow/dags/get_price_FB.py took 0.023 seconds
[2024-02-01 14:14:00,082] {processor.py:153} INFO - Started process (PID=1313) to work on /opt/airflow/dags/get_price_FB.py
[2024-02-01 14:14:00,084] {processor.py:641} INFO - Processing file /opt/airflow/dags/get_price_FB.py for tasks to queue
[2024-02-01 14:14:00,084] {logging_mixin.py:115} INFO - [2024-02-01 14:14:00,084] {dagbag.py:507} INFO - Filling up the DagBag from /opt/airflow/dags/get_price_FB.py
[2024-02-01 14:14:00,094] {processor.py:653} WARNING - No viable dags retrieved from /opt/airflow/dags/get_price_FB.py
[2024-02-01 14:14:00,102] {processor.py:161} INFO - Processing /opt/airflow/dags/get_price_FB.py took 0.022 seconds
[2024-02-01 14:14:30,557] {processor.py:153} INFO - Started process (PID=1366) to work on /opt/airflow/dags/get_price_FB.py
[2024-02-01 14:14:30,558] {processor.py:641} INFO - Processing file /opt/airflow/dags/get_price_FB.py for tasks to queue
[2024-02-01 14:14:30,558] {logging_mixin.py:115} INFO - [2024-02-01 14:14:30,558] {dagbag.py:507} INFO - Filling up the DagBag from /opt/airflow/dags/get_price_FB.py
[2024-02-01 14:14:30,569] {processor.py:653} WARNING - No viable dags retrieved from /opt/airflow/dags/get_price_FB.py
[2024-02-01 14:14:30,577] {processor.py:161} INFO - Processing /opt/airflow/dags/get_price_FB.py took 0.023 seconds
[2024-02-01 14:15:01,051] {processor.py:153} INFO - Started process (PID=1428) to work on /opt/airflow/dags/get_price_FB.py
[2024-02-01 14:15:01,052] {processor.py:641} INFO - Processing file /opt/airflow/dags/get_price_FB.py for tasks to queue
[2024-02-01 14:15:01,052] {logging_mixin.py:115} INFO - [2024-02-01 14:15:01,052] {dagbag.py:507} INFO - Filling up the DagBag from /opt/airflow/dags/get_price_FB.py
[2024-02-01 14:15:01,069] {processor.py:653} WARNING - No viable dags retrieved from /opt/airflow/dags/get_price_FB.py
[2024-02-01 14:15:01,079] {processor.py:161} INFO - Processing /opt/airflow/dags/get_price_FB.py took 0.032 seconds
[2024-02-01 14:15:31,352] {processor.py:153} INFO - Started process (PID=1490) to work on /opt/airflow/dags/get_price_FB.py
[2024-02-01 14:15:31,353] {processor.py:641} INFO - Processing file /opt/airflow/dags/get_price_FB.py for tasks to queue
[2024-02-01 14:15:31,354] {logging_mixin.py:115} INFO - [2024-02-01 14:15:31,353] {dagbag.py:507} INFO - Filling up the DagBag from /opt/airflow/dags/get_price_FB.py
[2024-02-01 14:15:31,365] {processor.py:653} WARNING - No viable dags retrieved from /opt/airflow/dags/get_price_FB.py
[2024-02-01 14:15:31,373] {processor.py:161} INFO - Processing /opt/airflow/dags/get_price_FB.py took 0.023 seconds
[2024-02-01 14:16:01,699] {processor.py:153} INFO - Started process (PID=1551) to work on /opt/airflow/dags/get_price_FB.py
[2024-02-01 14:16:01,700] {processor.py:641} INFO - Processing file /opt/airflow/dags/get_price_FB.py for tasks to queue
[2024-02-01 14:16:01,700] {logging_mixin.py:115} INFO - [2024-02-01 14:16:01,700] {dagbag.py:507} INFO - Filling up the DagBag from /opt/airflow/dags/get_price_FB.py
[2024-02-01 14:16:01,712] {processor.py:653} WARNING - No viable dags retrieved from /opt/airflow/dags/get_price_FB.py
[2024-02-01 14:16:01,720] {processor.py:161} INFO - Processing /opt/airflow/dags/get_price_FB.py took 0.024 seconds
[2024-02-01 14:16:32,008] {processor.py:153} INFO - Started process (PID=1613) to work on /opt/airflow/dags/get_price_FB.py
[2024-02-01 14:16:32,008] {processor.py:641} INFO - Processing file /opt/airflow/dags/get_price_FB.py for tasks to queue
[2024-02-01 14:16:32,009] {logging_mixin.py:115} INFO - [2024-02-01 14:16:32,009] {dagbag.py:507} INFO - Filling up the DagBag from /opt/airflow/dags/get_price_FB.py
[2024-02-01 14:16:32,027] {processor.py:653} WARNING - No viable dags retrieved from /opt/airflow/dags/get_price_FB.py
[2024-02-01 14:16:32,037] {processor.py:161} INFO - Processing /opt/airflow/dags/get_price_FB.py took 0.032 seconds
[2024-02-01 14:17:02,261] {processor.py:153} INFO - Started process (PID=1675) to work on /opt/airflow/dags/get_price_FB.py
[2024-02-01 14:17:02,262] {processor.py:641} INFO - Processing file /opt/airflow/dags/get_price_FB.py for tasks to queue
[2024-02-01 14:17:02,263] {logging_mixin.py:115} INFO - [2024-02-01 14:17:02,263] {dagbag.py:507} INFO - Filling up the DagBag from /opt/airflow/dags/get_price_FB.py
[2024-02-01 14:17:02,279] {processor.py:653} WARNING - No viable dags retrieved from /opt/airflow/dags/get_price_FB.py
[2024-02-01 14:17:02,287] {processor.py:161} INFO - Processing /opt/airflow/dags/get_price_FB.py took 0.030 seconds
[2024-02-01 14:17:32,731] {processor.py:153} INFO - Started process (PID=1728) to work on /opt/airflow/dags/get_price_FB.py
[2024-02-01 14:17:32,731] {processor.py:641} INFO - Processing file /opt/airflow/dags/get_price_FB.py for tasks to queue
[2024-02-01 14:17:32,732] {logging_mixin.py:115} INFO - [2024-02-01 14:17:32,732] {dagbag.py:507} INFO - Filling up the DagBag from /opt/airflow/dags/get_price_FB.py
[2024-02-01 14:17:32,744] {processor.py:653} WARNING - No viable dags retrieved from /opt/airflow/dags/get_price_FB.py
[2024-02-01 14:17:32,753] {processor.py:161} INFO - Processing /opt/airflow/dags/get_price_FB.py took 0.024 seconds
[2024-02-01 14:18:02,997] {processor.py:153} INFO - Started process (PID=1789) to work on /opt/airflow/dags/get_price_FB.py
[2024-02-01 14:18:02,997] {processor.py:641} INFO - Processing file /opt/airflow/dags/get_price_FB.py for tasks to queue
[2024-02-01 14:18:02,998] {logging_mixin.py:115} INFO - [2024-02-01 14:18:02,998] {dagbag.py:507} INFO - Filling up the DagBag from /opt/airflow/dags/get_price_FB.py
[2024-02-01 14:18:03,013] {processor.py:653} WARNING - No viable dags retrieved from /opt/airflow/dags/get_price_FB.py
[2024-02-01 14:18:03,023] {processor.py:161} INFO - Processing /opt/airflow/dags/get_price_FB.py took 0.031 seconds
[2024-02-01 14:18:33,318] {processor.py:153} INFO - Started process (PID=1851) to work on /opt/airflow/dags/get_price_FB.py
[2024-02-01 14:18:33,319] {processor.py:641} INFO - Processing file /opt/airflow/dags/get_price_FB.py for tasks to queue
[2024-02-01 14:18:33,319] {logging_mixin.py:115} INFO - [2024-02-01 14:18:33,319] {dagbag.py:507} INFO - Filling up the DagBag from /opt/airflow/dags/get_price_FB.py
[2024-02-01 14:18:33,330] {processor.py:653} WARNING - No viable dags retrieved from /opt/airflow/dags/get_price_FB.py
[2024-02-01 14:18:33,338] {processor.py:161} INFO - Processing /opt/airflow/dags/get_price_FB.py took 0.022 seconds
[2024-02-01 14:19:03,790] {processor.py:153} INFO - Started process (PID=1913) to work on /opt/airflow/dags/get_price_FB.py
[2024-02-01 14:19:03,791] {processor.py:641} INFO - Processing file /opt/airflow/dags/get_price_FB.py for tasks to queue
[2024-02-01 14:19:03,791] {logging_mixin.py:115} INFO - [2024-02-01 14:19:03,791] {dagbag.py:507} INFO - Filling up the DagBag from /opt/airflow/dags/get_price_FB.py
[2024-02-01 14:19:03,810] {processor.py:653} WARNING - No viable dags retrieved from /opt/airflow/dags/get_price_FB.py
[2024-02-01 14:19:03,824] {processor.py:161} INFO - Processing /opt/airflow/dags/get_price_FB.py took 0.038 seconds
[2024-02-01 14:19:34,408] {processor.py:153} INFO - Started process (PID=1975) to work on /opt/airflow/dags/get_price_FB.py
[2024-02-01 14:19:34,409] {processor.py:641} INFO - Processing file /opt/airflow/dags/get_price_FB.py for tasks to queue
[2024-02-01 14:19:34,410] {logging_mixin.py:115} INFO - [2024-02-01 14:19:34,410] {dagbag.py:507} INFO - Filling up the DagBag from /opt/airflow/dags/get_price_FB.py
[2024-02-01 14:19:34,420] {processor.py:653} WARNING - No viable dags retrieved from /opt/airflow/dags/get_price_FB.py
[2024-02-01 14:19:34,428] {processor.py:161} INFO - Processing /opt/airflow/dags/get_price_FB.py took 0.021 seconds
[2024-02-01 14:20:04,992] {processor.py:153} INFO - Started process (PID=2037) to work on /opt/airflow/dags/get_price_FB.py
[2024-02-01 14:20:04,993] {processor.py:641} INFO - Processing file /opt/airflow/dags/get_price_FB.py for tasks to queue
[2024-02-01 14:20:04,994] {logging_mixin.py:115} INFO - [2024-02-01 14:20:04,993] {dagbag.py:507} INFO - Filling up the DagBag from /opt/airflow/dags/get_price_FB.py
[2024-02-01 14:20:05,008] {processor.py:653} WARNING - No viable dags retrieved from /opt/airflow/dags/get_price_FB.py
[2024-02-01 14:20:05,017] {processor.py:161} INFO - Processing /opt/airflow/dags/get_price_FB.py took 0.028 seconds
[2024-02-01 14:20:35,550] {processor.py:153} INFO - Started process (PID=2090) to work on /opt/airflow/dags/get_price_FB.py
[2024-02-01 14:20:35,550] {processor.py:641} INFO - Processing file /opt/airflow/dags/get_price_FB.py for tasks to queue
[2024-02-01 14:20:35,552] {logging_mixin.py:115} INFO - [2024-02-01 14:20:35,552] {dagbag.py:507} INFO - Filling up the DagBag from /opt/airflow/dags/get_price_FB.py
[2024-02-01 14:20:35,569] {processor.py:653} WARNING - No viable dags retrieved from /opt/airflow/dags/get_price_FB.py
[2024-02-01 14:20:35,580] {processor.py:161} INFO - Processing /opt/airflow/dags/get_price_FB.py took 0.034 seconds
[2024-02-01 14:21:05,795] {processor.py:153} INFO - Started process (PID=2152) to work on /opt/airflow/dags/get_price_FB.py
[2024-02-01 14:21:05,796] {processor.py:641} INFO - Processing file /opt/airflow/dags/get_price_FB.py for tasks to queue
[2024-02-01 14:21:05,797] {logging_mixin.py:115} INFO - [2024-02-01 14:21:05,797] {dagbag.py:507} INFO - Filling up the DagBag from /opt/airflow/dags/get_price_FB.py
[2024-02-01 14:21:05,814] {processor.py:653} WARNING - No viable dags retrieved from /opt/airflow/dags/get_price_FB.py
[2024-02-01 14:21:05,825] {processor.py:161} INFO - Processing /opt/airflow/dags/get_price_FB.py took 0.034 seconds
[2024-02-01 14:21:36,781] {processor.py:153} INFO - Started process (PID=2213) to work on /opt/airflow/dags/get_price_FB.py
[2024-02-01 14:21:36,783] {processor.py:641} INFO - Processing file /opt/airflow/dags/get_price_FB.py for tasks to queue
[2024-02-01 14:21:36,784] {logging_mixin.py:115} INFO - [2024-02-01 14:21:36,784] {dagbag.py:507} INFO - Filling up the DagBag from /opt/airflow/dags/get_price_FB.py
[2024-02-01 14:21:36,807] {processor.py:653} WARNING - No viable dags retrieved from /opt/airflow/dags/get_price_FB.py
[2024-02-01 14:21:36,821] {processor.py:161} INFO - Processing /opt/airflow/dags/get_price_FB.py took 0.044 seconds
[2024-02-01 14:22:07,406] {processor.py:153} INFO - Started process (PID=2275) to work on /opt/airflow/dags/get_price_FB.py
[2024-02-01 14:22:07,407] {processor.py:641} INFO - Processing file /opt/airflow/dags/get_price_FB.py for tasks to queue
[2024-02-01 14:22:07,408] {logging_mixin.py:115} INFO - [2024-02-01 14:22:07,408] {dagbag.py:507} INFO - Filling up the DagBag from /opt/airflow/dags/get_price_FB.py
[2024-02-01 14:22:07,444] {processor.py:653} WARNING - No viable dags retrieved from /opt/airflow/dags/get_price_FB.py
[2024-02-01 14:22:07,456] {processor.py:161} INFO - Processing /opt/airflow/dags/get_price_FB.py took 0.056 seconds
[2024-02-01 14:22:38,335] {processor.py:153} INFO - Started process (PID=2337) to work on /opt/airflow/dags/get_price_FB.py
[2024-02-01 14:22:38,336] {processor.py:641} INFO - Processing file /opt/airflow/dags/get_price_FB.py for tasks to queue
[2024-02-01 14:22:38,337] {logging_mixin.py:115} INFO - [2024-02-01 14:22:38,337] {dagbag.py:507} INFO - Filling up the DagBag from /opt/airflow/dags/get_price_FB.py
[2024-02-01 14:22:38,361] {processor.py:653} WARNING - No viable dags retrieved from /opt/airflow/dags/get_price_FB.py
[2024-02-01 14:22:38,374] {processor.py:161} INFO - Processing /opt/airflow/dags/get_price_FB.py took 0.044 seconds
[2024-02-01 14:23:08,867] {processor.py:153} INFO - Started process (PID=2398) to work on /opt/airflow/dags/get_price_FB.py
[2024-02-01 14:23:08,868] {processor.py:641} INFO - Processing file /opt/airflow/dags/get_price_FB.py for tasks to queue
[2024-02-01 14:23:08,869] {logging_mixin.py:115} INFO - [2024-02-01 14:23:08,869] {dagbag.py:507} INFO - Filling up the DagBag from /opt/airflow/dags/get_price_FB.py
[2024-02-01 14:23:08,887] {processor.py:653} WARNING - No viable dags retrieved from /opt/airflow/dags/get_price_FB.py
[2024-02-01 14:23:08,897] {processor.py:161} INFO - Processing /opt/airflow/dags/get_price_FB.py took 0.034 seconds
[2024-02-01 14:23:39,507] {processor.py:153} INFO - Started process (PID=2458) to work on /opt/airflow/dags/get_price_FB.py
[2024-02-01 14:23:39,508] {processor.py:641} INFO - Processing file /opt/airflow/dags/get_price_FB.py for tasks to queue
[2024-02-01 14:23:39,508] {logging_mixin.py:115} INFO - [2024-02-01 14:23:39,508] {dagbag.py:507} INFO - Filling up the DagBag from /opt/airflow/dags/get_price_FB.py
[2024-02-01 14:23:39,520] {processor.py:653} WARNING - No viable dags retrieved from /opt/airflow/dags/get_price_FB.py
[2024-02-01 14:23:39,528] {processor.py:161} INFO - Processing /opt/airflow/dags/get_price_FB.py took 0.023 seconds
[2024-02-01 14:24:10,135] {processor.py:153} INFO - Started process (PID=2513) to work on /opt/airflow/dags/get_price_FB.py
[2024-02-01 14:24:10,136] {processor.py:641} INFO - Processing file /opt/airflow/dags/get_price_FB.py for tasks to queue
[2024-02-01 14:24:10,137] {logging_mixin.py:115} INFO - [2024-02-01 14:24:10,137] {dagbag.py:507} INFO - Filling up the DagBag from /opt/airflow/dags/get_price_FB.py
[2024-02-01 14:24:10,158] {processor.py:653} WARNING - No viable dags retrieved from /opt/airflow/dags/get_price_FB.py
[2024-02-01 14:24:10,171] {processor.py:161} INFO - Processing /opt/airflow/dags/get_price_FB.py took 0.041 seconds
[2024-02-01 14:24:40,792] {processor.py:153} INFO - Started process (PID=2574) to work on /opt/airflow/dags/get_price_FB.py
[2024-02-01 14:24:40,793] {processor.py:641} INFO - Processing file /opt/airflow/dags/get_price_FB.py for tasks to queue
[2024-02-01 14:24:40,794] {logging_mixin.py:115} INFO - [2024-02-01 14:24:40,794] {dagbag.py:507} INFO - Filling up the DagBag from /opt/airflow/dags/get_price_FB.py
[2024-02-01 14:24:40,817] {processor.py:653} WARNING - No viable dags retrieved from /opt/airflow/dags/get_price_FB.py
[2024-02-01 14:24:40,832] {processor.py:161} INFO - Processing /opt/airflow/dags/get_price_FB.py took 0.046 seconds
[2024-02-01 14:25:11,567] {processor.py:153} INFO - Started process (PID=2636) to work on /opt/airflow/dags/get_price_FB.py
[2024-02-01 14:25:11,568] {processor.py:641} INFO - Processing file /opt/airflow/dags/get_price_FB.py for tasks to queue
[2024-02-01 14:25:11,569] {logging_mixin.py:115} INFO - [2024-02-01 14:25:11,569] {dagbag.py:507} INFO - Filling up the DagBag from /opt/airflow/dags/get_price_FB.py
[2024-02-01 14:25:11,600] {processor.py:653} WARNING - No viable dags retrieved from /opt/airflow/dags/get_price_FB.py
[2024-02-01 14:25:11,611] {processor.py:161} INFO - Processing /opt/airflow/dags/get_price_FB.py took 0.049 seconds
[2024-02-01 14:25:42,145] {processor.py:153} INFO - Started process (PID=2698) to work on /opt/airflow/dags/get_price_FB.py
[2024-02-01 14:25:42,146] {processor.py:641} INFO - Processing file /opt/airflow/dags/get_price_FB.py for tasks to queue
[2024-02-01 14:25:42,147] {logging_mixin.py:115} INFO - [2024-02-01 14:25:42,147] {dagbag.py:507} INFO - Filling up the DagBag from /opt/airflow/dags/get_price_FB.py
[2024-02-01 14:25:42,163] {processor.py:653} WARNING - No viable dags retrieved from /opt/airflow/dags/get_price_FB.py
[2024-02-01 14:25:42,173] {processor.py:161} INFO - Processing /opt/airflow/dags/get_price_FB.py took 0.031 seconds
[2024-02-01 14:26:12,774] {processor.py:153} INFO - Started process (PID=2760) to work on /opt/airflow/dags/get_price_FB.py
[2024-02-01 14:26:12,775] {processor.py:641} INFO - Processing file /opt/airflow/dags/get_price_FB.py for tasks to queue
[2024-02-01 14:26:12,775] {logging_mixin.py:115} INFO - [2024-02-01 14:26:12,775] {dagbag.py:507} INFO - Filling up the DagBag from /opt/airflow/dags/get_price_FB.py
[2024-02-01 14:26:12,791] {processor.py:653} WARNING - No viable dags retrieved from /opt/airflow/dags/get_price_FB.py
[2024-02-01 14:26:12,802] {processor.py:161} INFO - Processing /opt/airflow/dags/get_price_FB.py took 0.032 seconds
[2024-02-01 14:26:43,372] {processor.py:153} INFO - Started process (PID=2821) to work on /opt/airflow/dags/get_price_FB.py
[2024-02-01 14:26:43,373] {processor.py:641} INFO - Processing file /opt/airflow/dags/get_price_FB.py for tasks to queue
[2024-02-01 14:26:43,374] {logging_mixin.py:115} INFO - [2024-02-01 14:26:43,374] {dagbag.py:507} INFO - Filling up the DagBag from /opt/airflow/dags/get_price_FB.py
[2024-02-01 14:26:43,393] {processor.py:653} WARNING - No viable dags retrieved from /opt/airflow/dags/get_price_FB.py
[2024-02-01 14:26:43,405] {processor.py:161} INFO - Processing /opt/airflow/dags/get_price_FB.py took 0.036 seconds
[2024-02-01 14:27:14,003] {processor.py:153} INFO - Started process (PID=2874) to work on /opt/airflow/dags/get_price_FB.py
[2024-02-01 14:27:14,004] {processor.py:641} INFO - Processing file /opt/airflow/dags/get_price_FB.py for tasks to queue
[2024-02-01 14:27:14,004] {logging_mixin.py:115} INFO - [2024-02-01 14:27:14,004] {dagbag.py:507} INFO - Filling up the DagBag from /opt/airflow/dags/get_price_FB.py
[2024-02-01 14:27:14,021] {processor.py:653} WARNING - No viable dags retrieved from /opt/airflow/dags/get_price_FB.py
[2024-02-01 14:27:14,031] {processor.py:161} INFO - Processing /opt/airflow/dags/get_price_FB.py took 0.032 seconds
[2024-02-01 14:27:44,839] {processor.py:153} INFO - Started process (PID=2934) to work on /opt/airflow/dags/get_price_FB.py
[2024-02-01 14:27:44,840] {processor.py:641} INFO - Processing file /opt/airflow/dags/get_price_FB.py for tasks to queue
[2024-02-01 14:27:44,840] {logging_mixin.py:115} INFO - [2024-02-01 14:27:44,840] {dagbag.py:507} INFO - Filling up the DagBag from /opt/airflow/dags/get_price_FB.py
[2024-02-01 14:27:44,859] {processor.py:653} WARNING - No viable dags retrieved from /opt/airflow/dags/get_price_FB.py
[2024-02-01 14:27:44,869] {processor.py:161} INFO - Processing /opt/airflow/dags/get_price_FB.py took 0.035 seconds
[2024-02-01 14:28:15,471] {processor.py:153} INFO - Started process (PID=2996) to work on /opt/airflow/dags/get_price_FB.py
[2024-02-01 14:28:15,472] {processor.py:641} INFO - Processing file /opt/airflow/dags/get_price_FB.py for tasks to queue
[2024-02-01 14:28:15,472] {logging_mixin.py:115} INFO - [2024-02-01 14:28:15,472] {dagbag.py:507} INFO - Filling up the DagBag from /opt/airflow/dags/get_price_FB.py
[2024-02-01 14:28:15,489] {processor.py:653} WARNING - No viable dags retrieved from /opt/airflow/dags/get_price_FB.py
[2024-02-01 14:28:15,498] {processor.py:161} INFO - Processing /opt/airflow/dags/get_price_FB.py took 0.032 seconds
[2024-02-01 14:28:46,072] {processor.py:153} INFO - Started process (PID=3058) to work on /opt/airflow/dags/get_price_FB.py
[2024-02-01 14:28:46,073] {processor.py:641} INFO - Processing file /opt/airflow/dags/get_price_FB.py for tasks to queue
[2024-02-01 14:28:46,074] {logging_mixin.py:115} INFO - [2024-02-01 14:28:46,074] {dagbag.py:507} INFO - Filling up the DagBag from /opt/airflow/dags/get_price_FB.py
[2024-02-01 14:28:46,092] {processor.py:653} WARNING - No viable dags retrieved from /opt/airflow/dags/get_price_FB.py
[2024-02-01 14:28:46,101] {processor.py:161} INFO - Processing /opt/airflow/dags/get_price_FB.py took 0.031 seconds
[2024-02-01 14:29:16,718] {processor.py:153} INFO - Started process (PID=3120) to work on /opt/airflow/dags/get_price_FB.py
[2024-02-01 14:29:16,718] {processor.py:641} INFO - Processing file /opt/airflow/dags/get_price_FB.py for tasks to queue
[2024-02-01 14:29:16,719] {logging_mixin.py:115} INFO - [2024-02-01 14:29:16,719] {dagbag.py:507} INFO - Filling up the DagBag from /opt/airflow/dags/get_price_FB.py
[2024-02-01 14:29:16,732] {processor.py:653} WARNING - No viable dags retrieved from /opt/airflow/dags/get_price_FB.py
[2024-02-01 14:29:16,739] {processor.py:161} INFO - Processing /opt/airflow/dags/get_price_FB.py took 0.024 seconds
[2024-02-01 14:29:47,155] {processor.py:153} INFO - Started process (PID=3183) to work on /opt/airflow/dags/get_price_FB.py
[2024-02-01 14:29:47,156] {processor.py:641} INFO - Processing file /opt/airflow/dags/get_price_FB.py for tasks to queue
[2024-02-01 14:29:47,156] {logging_mixin.py:115} INFO - [2024-02-01 14:29:47,156] {dagbag.py:507} INFO - Filling up the DagBag from /opt/airflow/dags/get_price_FB.py
[2024-02-01 14:29:47,174] {processor.py:653} WARNING - No viable dags retrieved from /opt/airflow/dags/get_price_FB.py
[2024-02-01 14:29:47,182] {processor.py:161} INFO - Processing /opt/airflow/dags/get_price_FB.py took 0.030 seconds
[2024-02-01 14:30:17,780] {processor.py:153} INFO - Started process (PID=3245) to work on /opt/airflow/dags/get_price_FB.py
[2024-02-01 14:30:17,780] {processor.py:641} INFO - Processing file /opt/airflow/dags/get_price_FB.py for tasks to queue
[2024-02-01 14:30:17,780] {logging_mixin.py:115} INFO - [2024-02-01 14:30:17,780] {dagbag.py:507} INFO - Filling up the DagBag from /opt/airflow/dags/get_price_FB.py
[2024-02-01 14:30:17,794] {processor.py:653} WARNING - No viable dags retrieved from /opt/airflow/dags/get_price_FB.py
[2024-02-01 14:30:17,803] {processor.py:161} INFO - Processing /opt/airflow/dags/get_price_FB.py took 0.025 seconds
[2024-02-01 14:30:48,398] {processor.py:153} INFO - Started process (PID=3298) to work on /opt/airflow/dags/get_price_FB.py
[2024-02-01 14:30:48,399] {processor.py:641} INFO - Processing file /opt/airflow/dags/get_price_FB.py for tasks to queue
[2024-02-01 14:30:48,399] {logging_mixin.py:115} INFO - [2024-02-01 14:30:48,399] {dagbag.py:507} INFO - Filling up the DagBag from /opt/airflow/dags/get_price_FB.py
[2024-02-01 14:30:48,416] {processor.py:653} WARNING - No viable dags retrieved from /opt/airflow/dags/get_price_FB.py
[2024-02-01 14:30:48,425] {processor.py:161} INFO - Processing /opt/airflow/dags/get_price_FB.py took 0.031 seconds
[2024-02-01 14:31:18,904] {processor.py:153} INFO - Started process (PID=3360) to work on /opt/airflow/dags/get_price_FB.py
[2024-02-01 14:31:18,904] {processor.py:641} INFO - Processing file /opt/airflow/dags/get_price_FB.py for tasks to queue
[2024-02-01 14:31:18,905] {logging_mixin.py:115} INFO - [2024-02-01 14:31:18,905] {dagbag.py:507} INFO - Filling up the DagBag from /opt/airflow/dags/get_price_FB.py
[2024-02-01 14:31:18,920] {processor.py:653} WARNING - No viable dags retrieved from /opt/airflow/dags/get_price_FB.py
[2024-02-01 14:31:18,930] {processor.py:161} INFO - Processing /opt/airflow/dags/get_price_FB.py took 0.029 seconds
[2024-02-01 14:31:49,549] {processor.py:153} INFO - Started process (PID=3422) to work on /opt/airflow/dags/get_price_FB.py
[2024-02-01 14:31:49,549] {processor.py:641} INFO - Processing file /opt/airflow/dags/get_price_FB.py for tasks to queue
[2024-02-01 14:31:49,550] {logging_mixin.py:115} INFO - [2024-02-01 14:31:49,550] {dagbag.py:507} INFO - Filling up the DagBag from /opt/airflow/dags/get_price_FB.py
[2024-02-01 14:31:49,564] {processor.py:653} WARNING - No viable dags retrieved from /opt/airflow/dags/get_price_FB.py
[2024-02-01 14:31:49,576] {processor.py:161} INFO - Processing /opt/airflow/dags/get_price_FB.py took 0.030 seconds
[2024-02-01 14:32:20,055] {processor.py:153} INFO - Started process (PID=3484) to work on /opt/airflow/dags/get_price_FB.py
[2024-02-01 14:32:20,056] {processor.py:641} INFO - Processing file /opt/airflow/dags/get_price_FB.py for tasks to queue
[2024-02-01 14:32:20,057] {logging_mixin.py:115} INFO - [2024-02-01 14:32:20,057] {dagbag.py:507} INFO - Filling up the DagBag from /opt/airflow/dags/get_price_FB.py
[2024-02-01 14:32:20,070] {processor.py:653} WARNING - No viable dags retrieved from /opt/airflow/dags/get_price_FB.py
[2024-02-01 14:32:20,079] {processor.py:161} INFO - Processing /opt/airflow/dags/get_price_FB.py took 0.027 seconds
[2024-02-01 14:32:50,749] {processor.py:153} INFO - Started process (PID=3546) to work on /opt/airflow/dags/get_price_FB.py
[2024-02-01 14:32:50,749] {processor.py:641} INFO - Processing file /opt/airflow/dags/get_price_FB.py for tasks to queue
[2024-02-01 14:32:50,750] {logging_mixin.py:115} INFO - [2024-02-01 14:32:50,749] {dagbag.py:507} INFO - Filling up the DagBag from /opt/airflow/dags/get_price_FB.py
[2024-02-01 14:32:50,768] {processor.py:653} WARNING - No viable dags retrieved from /opt/airflow/dags/get_price_FB.py
[2024-02-01 14:32:50,777] {processor.py:161} INFO - Processing /opt/airflow/dags/get_price_FB.py took 0.031 seconds
[2024-02-01 14:33:21,126] {processor.py:153} INFO - Started process (PID=3608) to work on /opt/airflow/dags/get_price_FB.py
[2024-02-01 14:33:21,127] {processor.py:641} INFO - Processing file /opt/airflow/dags/get_price_FB.py for tasks to queue
[2024-02-01 14:33:21,127] {logging_mixin.py:115} INFO - [2024-02-01 14:33:21,127] {dagbag.py:507} INFO - Filling up the DagBag from /opt/airflow/dags/get_price_FB.py
[2024-02-01 14:33:21,140] {processor.py:653} WARNING - No viable dags retrieved from /opt/airflow/dags/get_price_FB.py
[2024-02-01 14:33:21,147] {processor.py:161} INFO - Processing /opt/airflow/dags/get_price_FB.py took 0.023 seconds
[2024-02-01 14:33:51,663] {processor.py:153} INFO - Started process (PID=3661) to work on /opt/airflow/dags/get_price_FB.py
[2024-02-01 14:33:51,664] {processor.py:641} INFO - Processing file /opt/airflow/dags/get_price_FB.py for tasks to queue
[2024-02-01 14:33:51,665] {logging_mixin.py:115} INFO - [2024-02-01 14:33:51,664] {dagbag.py:507} INFO - Filling up the DagBag from /opt/airflow/dags/get_price_FB.py
[2024-02-01 14:33:51,695] {processor.py:653} WARNING - No viable dags retrieved from /opt/airflow/dags/get_price_FB.py
[2024-02-01 14:33:51,710] {processor.py:161} INFO - Processing /opt/airflow/dags/get_price_FB.py took 0.053 seconds
[2024-02-01 14:35:10,078] {processor.py:153} INFO - Started process (PID=3674) to work on /opt/airflow/dags/get_price_FB.py
[2024-02-01 14:35:10,079] {processor.py:641} INFO - Processing file /opt/airflow/dags/get_price_FB.py for tasks to queue
[2024-02-01 14:35:10,079] {logging_mixin.py:115} INFO - [2024-02-01 14:35:10,079] {dagbag.py:507} INFO - Filling up the DagBag from /opt/airflow/dags/get_price_FB.py
[2024-02-01 14:35:10,095] {processor.py:653} WARNING - No viable dags retrieved from /opt/airflow/dags/get_price_FB.py
[2024-02-01 14:35:10,108] {processor.py:161} INFO - Processing /opt/airflow/dags/get_price_FB.py took 0.032 seconds
[2024-02-01 14:35:40,341] {processor.py:153} INFO - Started process (PID=3736) to work on /opt/airflow/dags/get_price_FB.py
[2024-02-01 14:35:40,341] {processor.py:641} INFO - Processing file /opt/airflow/dags/get_price_FB.py for tasks to queue
[2024-02-01 14:35:40,342] {logging_mixin.py:115} INFO - [2024-02-01 14:35:40,342] {dagbag.py:507} INFO - Filling up the DagBag from /opt/airflow/dags/get_price_FB.py
[2024-02-01 14:35:40,371] {processor.py:653} WARNING - No viable dags retrieved from /opt/airflow/dags/get_price_FB.py
[2024-02-01 14:35:40,392] {processor.py:161} INFO - Processing /opt/airflow/dags/get_price_FB.py took 0.056 seconds
[2024-02-01 14:36:10,835] {processor.py:153} INFO - Started process (PID=3789) to work on /opt/airflow/dags/get_price_FB.py
[2024-02-01 14:36:10,836] {processor.py:641} INFO - Processing file /opt/airflow/dags/get_price_FB.py for tasks to queue
[2024-02-01 14:36:10,836] {logging_mixin.py:115} INFO - [2024-02-01 14:36:10,836] {dagbag.py:507} INFO - Filling up the DagBag from /opt/airflow/dags/get_price_FB.py
[2024-02-01 14:36:10,859] {processor.py:653} WARNING - No viable dags retrieved from /opt/airflow/dags/get_price_FB.py
[2024-02-01 14:36:10,869] {processor.py:161} INFO - Processing /opt/airflow/dags/get_price_FB.py took 0.037 seconds
[2024-02-01 14:36:41,210] {processor.py:153} INFO - Started process (PID=3851) to work on /opt/airflow/dags/get_price_FB.py
[2024-02-01 14:36:41,211] {processor.py:641} INFO - Processing file /opt/airflow/dags/get_price_FB.py for tasks to queue
[2024-02-01 14:36:41,211] {logging_mixin.py:115} INFO - [2024-02-01 14:36:41,211] {dagbag.py:507} INFO - Filling up the DagBag from /opt/airflow/dags/get_price_FB.py
[2024-02-01 14:36:41,224] {processor.py:653} WARNING - No viable dags retrieved from /opt/airflow/dags/get_price_FB.py
[2024-02-01 14:36:41,232] {processor.py:161} INFO - Processing /opt/airflow/dags/get_price_FB.py took 0.024 seconds
[2024-02-01 14:37:11,462] {processor.py:153} INFO - Started process (PID=3913) to work on /opt/airflow/dags/get_price_FB.py
[2024-02-01 14:37:11,463] {processor.py:641} INFO - Processing file /opt/airflow/dags/get_price_FB.py for tasks to queue
[2024-02-01 14:37:11,463] {logging_mixin.py:115} INFO - [2024-02-01 14:37:11,463] {dagbag.py:507} INFO - Filling up the DagBag from /opt/airflow/dags/get_price_FB.py
[2024-02-01 14:37:11,476] {processor.py:653} WARNING - No viable dags retrieved from /opt/airflow/dags/get_price_FB.py
[2024-02-01 14:37:11,484] {processor.py:161} INFO - Processing /opt/airflow/dags/get_price_FB.py took 0.024 seconds
[2024-02-01 14:37:41,682] {processor.py:153} INFO - Started process (PID=3974) to work on /opt/airflow/dags/get_price_FB.py
[2024-02-01 14:37:41,682] {processor.py:641} INFO - Processing file /opt/airflow/dags/get_price_FB.py for tasks to queue
[2024-02-01 14:37:41,683] {logging_mixin.py:115} INFO - [2024-02-01 14:37:41,683] {dagbag.py:507} INFO - Filling up the DagBag from /opt/airflow/dags/get_price_FB.py
[2024-02-01 14:37:41,696] {processor.py:653} WARNING - No viable dags retrieved from /opt/airflow/dags/get_price_FB.py
[2024-02-01 14:37:41,704] {processor.py:161} INFO - Processing /opt/airflow/dags/get_price_FB.py took 0.024 seconds
[2024-02-01 14:38:11,973] {processor.py:153} INFO - Started process (PID=4036) to work on /opt/airflow/dags/get_price_FB.py
[2024-02-01 14:38:11,974] {processor.py:641} INFO - Processing file /opt/airflow/dags/get_price_FB.py for tasks to queue
[2024-02-01 14:38:11,974] {logging_mixin.py:115} INFO - [2024-02-01 14:38:11,974] {dagbag.py:507} INFO - Filling up the DagBag from /opt/airflow/dags/get_price_FB.py
[2024-02-01 14:38:11,986] {processor.py:653} WARNING - No viable dags retrieved from /opt/airflow/dags/get_price_FB.py
[2024-02-01 14:38:11,994] {processor.py:161} INFO - Processing /opt/airflow/dags/get_price_FB.py took 0.022 seconds
[2024-02-01 14:38:42,270] {processor.py:153} INFO - Started process (PID=4096) to work on /opt/airflow/dags/get_price_FB.py
[2024-02-01 14:38:42,271] {processor.py:641} INFO - Processing file /opt/airflow/dags/get_price_FB.py for tasks to queue
[2024-02-01 14:38:42,271] {logging_mixin.py:115} INFO - [2024-02-01 14:38:42,271] {dagbag.py:507} INFO - Filling up the DagBag from /opt/airflow/dags/get_price_FB.py
[2024-02-01 14:38:42,379] {processor.py:653} WARNING - No viable dags retrieved from /opt/airflow/dags/get_price_FB.py
[2024-02-01 14:38:42,387] {processor.py:161} INFO - Processing /opt/airflow/dags/get_price_FB.py took 0.119 seconds
[2024-02-01 14:39:13,038] {processor.py:153} INFO - Started process (PID=4151) to work on /opt/airflow/dags/get_price_FB.py
[2024-02-01 14:39:13,038] {processor.py:641} INFO - Processing file /opt/airflow/dags/get_price_FB.py for tasks to queue
[2024-02-01 14:39:13,039] {logging_mixin.py:115} INFO - [2024-02-01 14:39:13,039] {dagbag.py:507} INFO - Filling up the DagBag from /opt/airflow/dags/get_price_FB.py
[2024-02-01 14:39:13,160] {processor.py:653} WARNING - No viable dags retrieved from /opt/airflow/dags/get_price_FB.py
[2024-02-01 14:39:13,167] {processor.py:161} INFO - Processing /opt/airflow/dags/get_price_FB.py took 0.132 seconds
[2024-02-01 14:39:43,723] {processor.py:153} INFO - Started process (PID=4213) to work on /opt/airflow/dags/get_price_FB.py
[2024-02-01 14:39:43,723] {processor.py:641} INFO - Processing file /opt/airflow/dags/get_price_FB.py for tasks to queue
[2024-02-01 14:39:43,723] {logging_mixin.py:115} INFO - [2024-02-01 14:39:43,723] {dagbag.py:507} INFO - Filling up the DagBag from /opt/airflow/dags/get_price_FB.py
[2024-02-01 14:39:43,819] {processor.py:653} WARNING - No viable dags retrieved from /opt/airflow/dags/get_price_FB.py
[2024-02-01 14:39:43,825] {processor.py:161} INFO - Processing /opt/airflow/dags/get_price_FB.py took 0.105 seconds
[2024-02-01 14:40:14,283] {processor.py:153} INFO - Started process (PID=4275) to work on /opt/airflow/dags/get_price_FB.py
[2024-02-01 14:40:14,283] {processor.py:641} INFO - Processing file /opt/airflow/dags/get_price_FB.py for tasks to queue
[2024-02-01 14:40:14,284] {logging_mixin.py:115} INFO - [2024-02-01 14:40:14,284] {dagbag.py:507} INFO - Filling up the DagBag from /opt/airflow/dags/get_price_FB.py
[2024-02-01 14:40:14,390] {processor.py:653} WARNING - No viable dags retrieved from /opt/airflow/dags/get_price_FB.py
[2024-02-01 14:40:14,397] {processor.py:161} INFO - Processing /opt/airflow/dags/get_price_FB.py took 0.117 seconds
[2024-02-01 14:40:44,759] {processor.py:153} INFO - Started process (PID=4337) to work on /opt/airflow/dags/get_price_FB.py
[2024-02-01 14:40:44,759] {processor.py:641} INFO - Processing file /opt/airflow/dags/get_price_FB.py for tasks to queue
[2024-02-01 14:40:44,760] {logging_mixin.py:115} INFO - [2024-02-01 14:40:44,760] {dagbag.py:507} INFO - Filling up the DagBag from /opt/airflow/dags/get_price_FB.py
[2024-02-01 14:40:44,850] {processor.py:653} WARNING - No viable dags retrieved from /opt/airflow/dags/get_price_FB.py
[2024-02-01 14:40:44,856] {processor.py:161} INFO - Processing /opt/airflow/dags/get_price_FB.py took 0.100 seconds
[2024-02-01 14:41:15,309] {processor.py:153} INFO - Started process (PID=4399) to work on /opt/airflow/dags/get_price_FB.py
[2024-02-01 14:41:15,311] {processor.py:641} INFO - Processing file /opt/airflow/dags/get_price_FB.py for tasks to queue
[2024-02-01 14:41:15,311] {logging_mixin.py:115} INFO - [2024-02-01 14:41:15,311] {dagbag.py:507} INFO - Filling up the DagBag from /opt/airflow/dags/get_price_FB.py
[2024-02-01 14:41:15,505] {processor.py:653} WARNING - No viable dags retrieved from /opt/airflow/dags/get_price_FB.py
[2024-02-01 14:41:15,512] {processor.py:161} INFO - Processing /opt/airflow/dags/get_price_FB.py took 0.206 seconds
[2024-02-01 14:44:31,986] {processor.py:153} INFO - Started process (PID=4452) to work on /opt/airflow/dags/get_price_FB.py
[2024-02-01 14:44:31,987] {processor.py:641} INFO - Processing file /opt/airflow/dags/get_price_FB.py for tasks to queue
[2024-02-01 14:44:31,987] {logging_mixin.py:115} INFO - [2024-02-01 14:44:31,987] {dagbag.py:507} INFO - Filling up the DagBag from /opt/airflow/dags/get_price_FB.py
[2024-02-01 14:44:32,005] {processor.py:653} WARNING - No viable dags retrieved from /opt/airflow/dags/get_price_FB.py
[2024-02-01 14:44:32,022] {processor.py:161} INFO - Processing /opt/airflow/dags/get_price_FB.py took 0.040 seconds
[2024-02-01 14:45:02,531] {processor.py:153} INFO - Started process (PID=4514) to work on /opt/airflow/dags/get_price_FB.py
[2024-02-01 14:45:02,532] {processor.py:641} INFO - Processing file /opt/airflow/dags/get_price_FB.py for tasks to queue
[2024-02-01 14:45:02,533] {logging_mixin.py:115} INFO - [2024-02-01 14:45:02,533] {dagbag.py:507} INFO - Filling up the DagBag from /opt/airflow/dags/get_price_FB.py
[2024-02-01 14:45:02,578] {processor.py:653} WARNING - No viable dags retrieved from /opt/airflow/dags/get_price_FB.py
[2024-02-01 14:45:02,593] {processor.py:161} INFO - Processing /opt/airflow/dags/get_price_FB.py took 0.067 seconds
[2024-02-01 14:45:32,863] {processor.py:153} INFO - Started process (PID=4576) to work on /opt/airflow/dags/get_price_FB.py
[2024-02-01 14:45:32,864] {processor.py:641} INFO - Processing file /opt/airflow/dags/get_price_FB.py for tasks to queue
[2024-02-01 14:45:32,864] {logging_mixin.py:115} INFO - [2024-02-01 14:45:32,864] {dagbag.py:507} INFO - Filling up the DagBag from /opt/airflow/dags/get_price_FB.py
[2024-02-01 14:45:32,884] {processor.py:653} WARNING - No viable dags retrieved from /opt/airflow/dags/get_price_FB.py
[2024-02-01 14:45:32,896] {processor.py:161} INFO - Processing /opt/airflow/dags/get_price_FB.py took 0.037 seconds
[2024-02-01 14:46:03,071] {processor.py:153} INFO - Started process (PID=4629) to work on /opt/airflow/dags/get_price_FB.py
[2024-02-01 14:46:03,072] {processor.py:641} INFO - Processing file /opt/airflow/dags/get_price_FB.py for tasks to queue
[2024-02-01 14:46:03,073] {logging_mixin.py:115} INFO - [2024-02-01 14:46:03,073] {dagbag.py:507} INFO - Filling up the DagBag from /opt/airflow/dags/get_price_FB.py
[2024-02-01 14:46:03,109] {processor.py:653} WARNING - No viable dags retrieved from /opt/airflow/dags/get_price_FB.py
[2024-02-01 14:46:03,121] {processor.py:161} INFO - Processing /opt/airflow/dags/get_price_FB.py took 0.054 seconds
[2024-02-01 14:46:33,447] {processor.py:153} INFO - Started process (PID=4691) to work on /opt/airflow/dags/get_price_FB.py
[2024-02-01 14:46:33,448] {processor.py:641} INFO - Processing file /opt/airflow/dags/get_price_FB.py for tasks to queue
[2024-02-01 14:46:33,448] {logging_mixin.py:115} INFO - [2024-02-01 14:46:33,448] {dagbag.py:507} INFO - Filling up the DagBag from /opt/airflow/dags/get_price_FB.py
[2024-02-01 14:46:33,473] {processor.py:653} WARNING - No viable dags retrieved from /opt/airflow/dags/get_price_FB.py
[2024-02-01 14:46:33,483] {processor.py:161} INFO - Processing /opt/airflow/dags/get_price_FB.py took 0.045 seconds
[2024-02-01 14:47:03,687] {processor.py:153} INFO - Started process (PID=4753) to work on /opt/airflow/dags/get_price_FB.py
[2024-02-01 14:47:03,688] {processor.py:641} INFO - Processing file /opt/airflow/dags/get_price_FB.py for tasks to queue
[2024-02-01 14:47:03,689] {logging_mixin.py:115} INFO - [2024-02-01 14:47:03,689] {dagbag.py:507} INFO - Filling up the DagBag from /opt/airflow/dags/get_price_FB.py
[2024-02-01 14:47:03,707] {processor.py:653} WARNING - No viable dags retrieved from /opt/airflow/dags/get_price_FB.py
[2024-02-01 14:47:03,717] {processor.py:161} INFO - Processing /opt/airflow/dags/get_price_FB.py took 0.035 seconds
[2024-02-01 14:47:33,972] {processor.py:153} INFO - Started process (PID=4815) to work on /opt/airflow/dags/get_price_FB.py
[2024-02-01 14:47:33,973] {processor.py:641} INFO - Processing file /opt/airflow/dags/get_price_FB.py for tasks to queue
[2024-02-01 14:47:33,974] {logging_mixin.py:115} INFO - [2024-02-01 14:47:33,974] {dagbag.py:507} INFO - Filling up the DagBag from /opt/airflow/dags/get_price_FB.py
[2024-02-01 14:47:33,985] {processor.py:653} WARNING - No viable dags retrieved from /opt/airflow/dags/get_price_FB.py
[2024-02-01 14:47:33,994] {processor.py:161} INFO - Processing /opt/airflow/dags/get_price_FB.py took 0.024 seconds
[2024-02-01 14:48:04,239] {processor.py:153} INFO - Started process (PID=4877) to work on /opt/airflow/dags/get_price_FB.py
[2024-02-01 14:48:04,239] {processor.py:641} INFO - Processing file /opt/airflow/dags/get_price_FB.py for tasks to queue
[2024-02-01 14:48:04,240] {logging_mixin.py:115} INFO - [2024-02-01 14:48:04,240] {dagbag.py:507} INFO - Filling up the DagBag from /opt/airflow/dags/get_price_FB.py
[2024-02-01 14:48:04,252] {processor.py:653} WARNING - No viable dags retrieved from /opt/airflow/dags/get_price_FB.py
[2024-02-01 14:48:04,260] {processor.py:161} INFO - Processing /opt/airflow/dags/get_price_FB.py took 0.023 seconds
[2024-02-01 14:48:34,433] {processor.py:153} INFO - Started process (PID=4939) to work on /opt/airflow/dags/get_price_FB.py
[2024-02-01 14:48:34,434] {processor.py:641} INFO - Processing file /opt/airflow/dags/get_price_FB.py for tasks to queue
[2024-02-01 14:48:34,434] {logging_mixin.py:115} INFO - [2024-02-01 14:48:34,434] {dagbag.py:507} INFO - Filling up the DagBag from /opt/airflow/dags/get_price_FB.py
[2024-02-01 14:48:34,457] {processor.py:653} WARNING - No viable dags retrieved from /opt/airflow/dags/get_price_FB.py
[2024-02-01 14:48:34,479] {processor.py:161} INFO - Processing /opt/airflow/dags/get_price_FB.py took 0.050 seconds
[2024-02-01 14:49:04,815] {processor.py:153} INFO - Started process (PID=4992) to work on /opt/airflow/dags/get_price_FB.py
[2024-02-01 14:49:04,816] {processor.py:641} INFO - Processing file /opt/airflow/dags/get_price_FB.py for tasks to queue
[2024-02-01 14:49:04,817] {logging_mixin.py:115} INFO - [2024-02-01 14:49:04,817] {dagbag.py:507} INFO - Filling up the DagBag from /opt/airflow/dags/get_price_FB.py
[2024-02-01 14:49:04,839] {processor.py:653} WARNING - No viable dags retrieved from /opt/airflow/dags/get_price_FB.py
[2024-02-01 14:49:04,853] {processor.py:161} INFO - Processing /opt/airflow/dags/get_price_FB.py took 0.042 seconds
[2024-02-01 14:49:35,095] {processor.py:153} INFO - Started process (PID=5054) to work on /opt/airflow/dags/get_price_FB.py
[2024-02-01 14:49:35,096] {processor.py:641} INFO - Processing file /opt/airflow/dags/get_price_FB.py for tasks to queue
[2024-02-01 14:49:35,096] {logging_mixin.py:115} INFO - [2024-02-01 14:49:35,096] {dagbag.py:507} INFO - Filling up the DagBag from /opt/airflow/dags/get_price_FB.py
[2024-02-01 14:49:35,113] {processor.py:653} WARNING - No viable dags retrieved from /opt/airflow/dags/get_price_FB.py
[2024-02-01 14:49:35,124] {processor.py:161} INFO - Processing /opt/airflow/dags/get_price_FB.py took 0.031 seconds
[2024-02-01 14:50:05,305] {processor.py:153} INFO - Started process (PID=5116) to work on /opt/airflow/dags/get_price_FB.py
[2024-02-01 14:50:05,307] {processor.py:641} INFO - Processing file /opt/airflow/dags/get_price_FB.py for tasks to queue
[2024-02-01 14:50:05,308] {logging_mixin.py:115} INFO - [2024-02-01 14:50:05,308] {dagbag.py:507} INFO - Filling up the DagBag from /opt/airflow/dags/get_price_FB.py
[2024-02-01 14:50:05,332] {processor.py:653} WARNING - No viable dags retrieved from /opt/airflow/dags/get_price_FB.py
[2024-02-01 14:50:05,345] {processor.py:161} INFO - Processing /opt/airflow/dags/get_price_FB.py took 0.045 seconds
[2024-02-01 14:50:35,527] {processor.py:153} INFO - Started process (PID=5177) to work on /opt/airflow/dags/get_price_FB.py
[2024-02-01 14:50:35,528] {processor.py:641} INFO - Processing file /opt/airflow/dags/get_price_FB.py for tasks to queue
[2024-02-01 14:50:35,528] {logging_mixin.py:115} INFO - [2024-02-01 14:50:35,528] {dagbag.py:507} INFO - Filling up the DagBag from /opt/airflow/dags/get_price_FB.py
[2024-02-01 14:50:35,542] {processor.py:653} WARNING - No viable dags retrieved from /opt/airflow/dags/get_price_FB.py
[2024-02-01 14:50:35,550] {processor.py:161} INFO - Processing /opt/airflow/dags/get_price_FB.py took 0.027 seconds
[2024-02-01 14:51:05,727] {processor.py:153} INFO - Started process (PID=5239) to work on /opt/airflow/dags/get_price_FB.py
[2024-02-01 14:51:05,728] {processor.py:641} INFO - Processing file /opt/airflow/dags/get_price_FB.py for tasks to queue
[2024-02-01 14:51:05,729] {logging_mixin.py:115} INFO - [2024-02-01 14:51:05,729] {dagbag.py:507} INFO - Filling up the DagBag from /opt/airflow/dags/get_price_FB.py
[2024-02-01 14:51:05,754] {processor.py:653} WARNING - No viable dags retrieved from /opt/airflow/dags/get_price_FB.py
[2024-02-01 14:51:05,771] {processor.py:161} INFO - Processing /opt/airflow/dags/get_price_FB.py took 0.048 seconds
[2024-02-01 14:51:36,027] {processor.py:153} INFO - Started process (PID=5292) to work on /opt/airflow/dags/get_price_FB.py
[2024-02-01 14:51:36,028] {processor.py:641} INFO - Processing file /opt/airflow/dags/get_price_FB.py for tasks to queue
[2024-02-01 14:51:36,029] {logging_mixin.py:115} INFO - [2024-02-01 14:51:36,029] {dagbag.py:507} INFO - Filling up the DagBag from /opt/airflow/dags/get_price_FB.py
[2024-02-01 14:51:36,050] {processor.py:653} WARNING - No viable dags retrieved from /opt/airflow/dags/get_price_FB.py
[2024-02-01 14:51:36,063] {processor.py:161} INFO - Processing /opt/airflow/dags/get_price_FB.py took 0.040 seconds
[2024-02-01 14:52:06,195] {processor.py:153} INFO - Started process (PID=5354) to work on /opt/airflow/dags/get_price_FB.py
[2024-02-01 14:52:06,196] {processor.py:641} INFO - Processing file /opt/airflow/dags/get_price_FB.py for tasks to queue
[2024-02-01 14:52:06,197] {logging_mixin.py:115} INFO - [2024-02-01 14:52:06,197] {dagbag.py:507} INFO - Filling up the DagBag from /opt/airflow/dags/get_price_FB.py
[2024-02-01 14:52:06,222] {processor.py:653} WARNING - No viable dags retrieved from /opt/airflow/dags/get_price_FB.py
[2024-02-01 14:52:06,238] {processor.py:161} INFO - Processing /opt/airflow/dags/get_price_FB.py took 0.047 seconds
[2024-02-01 14:52:36,429] {processor.py:153} INFO - Started process (PID=5415) to work on /opt/airflow/dags/get_price_FB.py
[2024-02-01 14:52:36,430] {processor.py:641} INFO - Processing file /opt/airflow/dags/get_price_FB.py for tasks to queue
[2024-02-01 14:52:36,430] {logging_mixin.py:115} INFO - [2024-02-01 14:52:36,430] {dagbag.py:507} INFO - Filling up the DagBag from /opt/airflow/dags/get_price_FB.py
[2024-02-01 14:52:36,453] {processor.py:653} WARNING - No viable dags retrieved from /opt/airflow/dags/get_price_FB.py
[2024-02-01 14:52:36,464] {processor.py:161} INFO - Processing /opt/airflow/dags/get_price_FB.py took 0.039 seconds
[2024-02-01 14:53:06,696] {processor.py:153} INFO - Started process (PID=5477) to work on /opt/airflow/dags/get_price_FB.py
[2024-02-01 14:53:06,698] {processor.py:641} INFO - Processing file /opt/airflow/dags/get_price_FB.py for tasks to queue
[2024-02-01 14:53:06,699] {logging_mixin.py:115} INFO - [2024-02-01 14:53:06,699] {dagbag.py:507} INFO - Filling up the DagBag from /opt/airflow/dags/get_price_FB.py
[2024-02-01 14:53:06,728] {processor.py:653} WARNING - No viable dags retrieved from /opt/airflow/dags/get_price_FB.py
[2024-02-01 14:53:06,740] {processor.py:161} INFO - Processing /opt/airflow/dags/get_price_FB.py took 0.049 seconds
[2024-02-01 14:53:36,994] {processor.py:153} INFO - Started process (PID=5538) to work on /opt/airflow/dags/get_price_FB.py
[2024-02-01 14:53:36,995] {processor.py:641} INFO - Processing file /opt/airflow/dags/get_price_FB.py for tasks to queue
[2024-02-01 14:53:36,996] {logging_mixin.py:115} INFO - [2024-02-01 14:53:36,996] {dagbag.py:507} INFO - Filling up the DagBag from /opt/airflow/dags/get_price_FB.py
[2024-02-01 14:53:37,019] {processor.py:653} WARNING - No viable dags retrieved from /opt/airflow/dags/get_price_FB.py
[2024-02-01 14:53:37,029] {processor.py:161} INFO - Processing /opt/airflow/dags/get_price_FB.py took 0.039 seconds
