[2024-01-30 16:46:40,109] {processor.py:153} INFO - Started process (PID=47) to work on /home/airflow/.local/lib/python3.7/site-packages/airflow/example_dags/example_branch_operator.py
[2024-01-30 16:46:40,111] {processor.py:641} INFO - Processing file /home/airflow/.local/lib/python3.7/site-packages/airflow/example_dags/example_branch_operator.py for tasks to queue
[2024-01-30 16:46:40,112] {logging_mixin.py:115} INFO - [2024-01-30 16:46:40,112] {dagbag.py:507} INFO - Filling up the DagBag from /home/airflow/.local/lib/python3.7/site-packages/airflow/example_dags/example_branch_operator.py
[2024-01-30 16:46:40,148] {processor.py:651} INFO - DAG(s) dict_keys(['example_branch_operator']) retrieved from /home/airflow/.local/lib/python3.7/site-packages/airflow/example_dags/example_branch_operator.py
[2024-01-30 16:46:40,476] {logging_mixin.py:115} INFO - [2024-01-30 16:46:40,476] {manager.py:508} INFO - Created Permission View: can edit on DAG:example_branch_operator
[2024-01-30 16:46:40,483] {logging_mixin.py:115} INFO - [2024-01-30 16:46:40,483] {manager.py:508} INFO - Created Permission View: can read on DAG:example_branch_operator
[2024-01-30 16:46:40,490] {logging_mixin.py:115} INFO - [2024-01-30 16:46:40,490] {manager.py:508} INFO - Created Permission View: can delete on DAG:example_branch_operator
[2024-01-30 16:46:40,491] {logging_mixin.py:115} INFO - [2024-01-30 16:46:40,491] {dag.py:2371} INFO - Sync 1 DAGs
[2024-01-30 16:46:40,505] {logging_mixin.py:115} INFO - [2024-01-30 16:46:40,505] {dag.py:2390} INFO - Creating ORM DAG for example_branch_operator
[2024-01-30 16:46:40,526] {logging_mixin.py:115} INFO - [2024-01-30 16:46:40,526] {dag.py:2919} INFO - Setting next_dagrun for example_branch_operator to 2024-01-29T00:00:00+00:00, run_after=2024-01-30T00:00:00+00:00
[2024-01-30 16:46:40,541] {processor.py:161} INFO - Processing /home/airflow/.local/lib/python3.7/site-packages/airflow/example_dags/example_branch_operator.py took 0.435 seconds
[2024-01-30 16:47:11,130] {processor.py:153} INFO - Started process (PID=108) to work on /home/airflow/.local/lib/python3.7/site-packages/airflow/example_dags/example_branch_operator.py
[2024-01-30 16:47:11,131] {processor.py:641} INFO - Processing file /home/airflow/.local/lib/python3.7/site-packages/airflow/example_dags/example_branch_operator.py for tasks to queue
[2024-01-30 16:47:11,131] {logging_mixin.py:115} INFO - [2024-01-30 16:47:11,131] {dagbag.py:507} INFO - Filling up the DagBag from /home/airflow/.local/lib/python3.7/site-packages/airflow/example_dags/example_branch_operator.py
[2024-01-30 16:47:11,140] {processor.py:651} INFO - DAG(s) dict_keys(['example_branch_operator']) retrieved from /home/airflow/.local/lib/python3.7/site-packages/airflow/example_dags/example_branch_operator.py
[2024-01-30 16:47:11,158] {logging_mixin.py:115} INFO - [2024-01-30 16:47:11,158] {dag.py:2371} INFO - Sync 1 DAGs
[2024-01-30 16:47:11,174] {logging_mixin.py:115} INFO - [2024-01-30 16:47:11,174] {dag.py:2919} INFO - Setting next_dagrun for example_branch_operator to 2024-01-29T00:00:00+00:00, run_after=2024-01-30T00:00:00+00:00
[2024-01-30 16:47:11,182] {processor.py:161} INFO - Processing /home/airflow/.local/lib/python3.7/site-packages/airflow/example_dags/example_branch_operator.py took 0.055 seconds
[2024-01-30 16:47:42,004] {processor.py:153} INFO - Started process (PID=170) to work on /home/airflow/.local/lib/python3.7/site-packages/airflow/example_dags/example_branch_operator.py
[2024-01-30 16:47:42,006] {processor.py:641} INFO - Processing file /home/airflow/.local/lib/python3.7/site-packages/airflow/example_dags/example_branch_operator.py for tasks to queue
[2024-01-30 16:47:42,013] {logging_mixin.py:115} INFO - [2024-01-30 16:47:42,013] {dagbag.py:507} INFO - Filling up the DagBag from /home/airflow/.local/lib/python3.7/site-packages/airflow/example_dags/example_branch_operator.py
[2024-01-30 16:47:42,049] {processor.py:651} INFO - DAG(s) dict_keys(['example_branch_operator']) retrieved from /home/airflow/.local/lib/python3.7/site-packages/airflow/example_dags/example_branch_operator.py
[2024-01-30 16:47:42,637] {logging_mixin.py:115} INFO - [2024-01-30 16:47:42,637] {process_utils.py:240} INFO - Waiting up to 5 seconds for processes to exit...
