[2024-01-30 16:46:38,864] {processor.py:153} INFO - Started process (PID=41) to work on /home/airflow/.local/lib/python3.7/site-packages/airflow/example_dags/example_external_task_marker_dag.py
[2024-01-30 16:46:38,865] {processor.py:641} INFO - Processing file /home/airflow/.local/lib/python3.7/site-packages/airflow/example_dags/example_external_task_marker_dag.py for tasks to queue
[2024-01-30 16:46:38,866] {logging_mixin.py:115} INFO - [2024-01-30 16:46:38,866] {dagbag.py:507} INFO - Filling up the DagBag from /home/airflow/.local/lib/python3.7/site-packages/airflow/example_dags/example_external_task_marker_dag.py
[2024-01-30 16:46:38,878] {processor.py:651} INFO - DAG(s) dict_keys(['example_external_task_marker_parent', 'example_external_task_marker_child']) retrieved from /home/airflow/.local/lib/python3.7/site-packages/airflow/example_dags/example_external_task_marker_dag.py
[2024-01-30 16:46:39,484] {logging_mixin.py:115} INFO - [2024-01-30 16:46:39,484] {manager.py:508} INFO - Created Permission View: can edit on DAG:example_external_task_marker_parent
[2024-01-30 16:46:39,493] {logging_mixin.py:115} INFO - [2024-01-30 16:46:39,493] {manager.py:508} INFO - Created Permission View: can read on DAG:example_external_task_marker_parent
[2024-01-30 16:46:39,498] {logging_mixin.py:115} INFO - [2024-01-30 16:46:39,498] {manager.py:508} INFO - Created Permission View: can delete on DAG:example_external_task_marker_parent
[2024-01-30 16:46:39,517] {logging_mixin.py:115} INFO - [2024-01-30 16:46:39,517] {manager.py:508} INFO - Created Permission View: can edit on DAG:example_external_task_marker_child
[2024-01-30 16:46:39,522] {logging_mixin.py:115} INFO - [2024-01-30 16:46:39,522] {manager.py:508} INFO - Created Permission View: can read on DAG:example_external_task_marker_child
[2024-01-30 16:46:39,528] {logging_mixin.py:115} INFO - [2024-01-30 16:46:39,528] {manager.py:508} INFO - Created Permission View: can delete on DAG:example_external_task_marker_child
[2024-01-30 16:46:39,529] {logging_mixin.py:115} INFO - [2024-01-30 16:46:39,529] {dag.py:2371} INFO - Sync 2 DAGs
[2024-01-30 16:46:39,542] {logging_mixin.py:115} INFO - [2024-01-30 16:46:39,542] {dag.py:2390} INFO - Creating ORM DAG for example_external_task_marker_child
[2024-01-30 16:46:39,545] {logging_mixin.py:115} INFO - [2024-01-30 16:46:39,545] {dag.py:2390} INFO - Creating ORM DAG for example_external_task_marker_parent
[2024-01-30 16:46:39,561] {logging_mixin.py:115} INFO - [2024-01-30 16:46:39,561] {dag.py:2919} INFO - Setting next_dagrun for example_external_task_marker_child to None, run_after=None
[2024-01-30 16:46:39,562] {logging_mixin.py:115} INFO - [2024-01-30 16:46:39,562] {dag.py:2919} INFO - Setting next_dagrun for example_external_task_marker_parent to None, run_after=None
[2024-01-30 16:46:39,576] {processor.py:161} INFO - Processing /home/airflow/.local/lib/python3.7/site-packages/airflow/example_dags/example_external_task_marker_dag.py took 0.715 seconds
[2024-01-30 16:47:09,790] {processor.py:153} INFO - Started process (PID=102) to work on /home/airflow/.local/lib/python3.7/site-packages/airflow/example_dags/example_external_task_marker_dag.py
[2024-01-30 16:47:09,792] {processor.py:641} INFO - Processing file /home/airflow/.local/lib/python3.7/site-packages/airflow/example_dags/example_external_task_marker_dag.py for tasks to queue
[2024-01-30 16:47:09,793] {logging_mixin.py:115} INFO - [2024-01-30 16:47:09,793] {dagbag.py:507} INFO - Filling up the DagBag from /home/airflow/.local/lib/python3.7/site-packages/airflow/example_dags/example_external_task_marker_dag.py
[2024-01-30 16:47:09,801] {processor.py:651} INFO - DAG(s) dict_keys(['example_external_task_marker_parent', 'example_external_task_marker_child']) retrieved from /home/airflow/.local/lib/python3.7/site-packages/airflow/example_dags/example_external_task_marker_dag.py
[2024-01-30 16:47:09,854] {logging_mixin.py:115} INFO - [2024-01-30 16:47:09,854] {dag.py:2371} INFO - Sync 2 DAGs
[2024-01-30 16:47:09,873] {logging_mixin.py:115} INFO - [2024-01-30 16:47:09,873] {dag.py:2919} INFO - Setting next_dagrun for example_external_task_marker_child to None, run_after=None
[2024-01-30 16:47:09,874] {logging_mixin.py:115} INFO - [2024-01-30 16:47:09,874] {dag.py:2919} INFO - Setting next_dagrun for example_external_task_marker_parent to None, run_after=None
[2024-01-30 16:47:09,886] {processor.py:161} INFO - Processing /home/airflow/.local/lib/python3.7/site-packages/airflow/example_dags/example_external_task_marker_dag.py took 0.102 seconds
[2024-01-30 16:47:40,670] {processor.py:153} INFO - Started process (PID=164) to work on /home/airflow/.local/lib/python3.7/site-packages/airflow/example_dags/example_external_task_marker_dag.py
[2024-01-30 16:47:40,671] {processor.py:641} INFO - Processing file /home/airflow/.local/lib/python3.7/site-packages/airflow/example_dags/example_external_task_marker_dag.py for tasks to queue
[2024-01-30 16:47:40,672] {logging_mixin.py:115} INFO - [2024-01-30 16:47:40,672] {dagbag.py:507} INFO - Filling up the DagBag from /home/airflow/.local/lib/python3.7/site-packages/airflow/example_dags/example_external_task_marker_dag.py
[2024-01-30 16:47:40,678] {processor.py:651} INFO - DAG(s) dict_keys(['example_external_task_marker_parent', 'example_external_task_marker_child']) retrieved from /home/airflow/.local/lib/python3.7/site-packages/airflow/example_dags/example_external_task_marker_dag.py
[2024-01-30 16:47:40,714] {logging_mixin.py:115} INFO - [2024-01-30 16:47:40,714] {dag.py:2371} INFO - Sync 2 DAGs
[2024-01-30 16:47:40,735] {logging_mixin.py:115} INFO - [2024-01-30 16:47:40,734] {dag.py:2919} INFO - Setting next_dagrun for example_external_task_marker_child to None, run_after=None
[2024-01-30 16:47:40,735] {logging_mixin.py:115} INFO - [2024-01-30 16:47:40,735] {dag.py:2919} INFO - Setting next_dagrun for example_external_task_marker_parent to None, run_after=None
[2024-01-30 16:47:40,748] {processor.py:161} INFO - Processing /home/airflow/.local/lib/python3.7/site-packages/airflow/example_dags/example_external_task_marker_dag.py took 0.080 seconds
