[2024-01-30 16:46:39,624] {processor.py:153} INFO - Started process (PID=44) to work on /home/airflow/.local/lib/python3.7/site-packages/airflow/example_dags/example_task_group.py
[2024-01-30 16:46:39,625] {processor.py:641} INFO - Processing file /home/airflow/.local/lib/python3.7/site-packages/airflow/example_dags/example_task_group.py for tasks to queue
[2024-01-30 16:46:39,627] {logging_mixin.py:115} INFO - [2024-01-30 16:46:39,627] {dagbag.py:507} INFO - Filling up the DagBag from /home/airflow/.local/lib/python3.7/site-packages/airflow/example_dags/example_task_group.py
[2024-01-30 16:46:39,642] {processor.py:651} INFO - DAG(s) dict_keys(['example_task_group']) retrieved from /home/airflow/.local/lib/python3.7/site-packages/airflow/example_dags/example_task_group.py
[2024-01-30 16:46:39,928] {logging_mixin.py:115} INFO - [2024-01-30 16:46:39,928] {manager.py:508} INFO - Created Permission View: can edit on DAG:example_task_group
[2024-01-30 16:46:39,934] {logging_mixin.py:115} INFO - [2024-01-30 16:46:39,934] {manager.py:508} INFO - Created Permission View: can read on DAG:example_task_group
[2024-01-30 16:46:39,939] {logging_mixin.py:115} INFO - [2024-01-30 16:46:39,939] {manager.py:508} INFO - Created Permission View: can delete on DAG:example_task_group
[2024-01-30 16:46:39,939] {logging_mixin.py:115} INFO - [2024-01-30 16:46:39,939] {dag.py:2371} INFO - Sync 1 DAGs
[2024-01-30 16:46:39,944] {logging_mixin.py:115} INFO - [2024-01-30 16:46:39,944] {dag.py:2390} INFO - Creating ORM DAG for example_task_group
[2024-01-30 16:46:39,951] {logging_mixin.py:115} INFO - [2024-01-30 16:46:39,951] {dag.py:2919} INFO - Setting next_dagrun for example_task_group to 2024-01-29T16:46:39.951546+00:00, run_after=2024-01-30T16:46:39.951546+00:00
[2024-01-30 16:46:39,960] {processor.py:161} INFO - Processing /home/airflow/.local/lib/python3.7/site-packages/airflow/example_dags/example_task_group.py took 0.338 seconds
[2024-01-30 16:47:09,982] {processor.py:153} INFO - Started process (PID=105) to work on /home/airflow/.local/lib/python3.7/site-packages/airflow/example_dags/example_task_group.py
[2024-01-30 16:47:09,983] {processor.py:641} INFO - Processing file /home/airflow/.local/lib/python3.7/site-packages/airflow/example_dags/example_task_group.py for tasks to queue
[2024-01-30 16:47:09,983] {logging_mixin.py:115} INFO - [2024-01-30 16:47:09,983] {dagbag.py:507} INFO - Filling up the DagBag from /home/airflow/.local/lib/python3.7/site-packages/airflow/example_dags/example_task_group.py
[2024-01-30 16:47:09,989] {processor.py:651} INFO - DAG(s) dict_keys(['example_task_group']) retrieved from /home/airflow/.local/lib/python3.7/site-packages/airflow/example_dags/example_task_group.py
[2024-01-30 16:47:10,021] {logging_mixin.py:115} INFO - [2024-01-30 16:47:10,021] {dag.py:2371} INFO - Sync 1 DAGs
[2024-01-30 16:47:10,038] {logging_mixin.py:115} INFO - [2024-01-30 16:47:10,038] {dag.py:2919} INFO - Setting next_dagrun for example_task_group to 2024-01-29T16:47:10.037945+00:00, run_after=2024-01-30T16:47:10.037945+00:00
[2024-01-30 16:47:10,047] {processor.py:161} INFO - Processing /home/airflow/.local/lib/python3.7/site-packages/airflow/example_dags/example_task_group.py took 0.068 seconds
[2024-01-30 16:47:40,818] {processor.py:153} INFO - Started process (PID=167) to work on /home/airflow/.local/lib/python3.7/site-packages/airflow/example_dags/example_task_group.py
[2024-01-30 16:47:40,819] {processor.py:641} INFO - Processing file /home/airflow/.local/lib/python3.7/site-packages/airflow/example_dags/example_task_group.py for tasks to queue
[2024-01-30 16:47:40,819] {logging_mixin.py:115} INFO - [2024-01-30 16:47:40,819] {dagbag.py:507} INFO - Filling up the DagBag from /home/airflow/.local/lib/python3.7/site-packages/airflow/example_dags/example_task_group.py
[2024-01-30 16:47:40,824] {processor.py:651} INFO - DAG(s) dict_keys(['example_task_group']) retrieved from /home/airflow/.local/lib/python3.7/site-packages/airflow/example_dags/example_task_group.py
[2024-01-30 16:47:40,845] {logging_mixin.py:115} INFO - [2024-01-30 16:47:40,844] {dag.py:2371} INFO - Sync 1 DAGs
[2024-01-30 16:47:40,865] {logging_mixin.py:115} INFO - [2024-01-30 16:47:40,865] {dag.py:2919} INFO - Setting next_dagrun for example_task_group to 2024-01-29T16:47:40.865359+00:00, run_after=2024-01-30T16:47:40.865359+00:00
[2024-01-30 16:47:40,874] {processor.py:161} INFO - Processing /home/airflow/.local/lib/python3.7/site-packages/airflow/example_dags/example_task_group.py took 0.058 seconds
