[2024-01-30 16:46:40,869] {processor.py:153} INFO - Started process (PID=50) to work on /home/airflow/.local/lib/python3.7/site-packages/airflow/example_dags/example_xcomargs.py
[2024-01-30 16:46:40,870] {processor.py:641} INFO - Processing file /home/airflow/.local/lib/python3.7/site-packages/airflow/example_dags/example_xcomargs.py for tasks to queue
[2024-01-30 16:46:40,871] {logging_mixin.py:115} INFO - [2024-01-30 16:46:40,871] {dagbag.py:507} INFO - Filling up the DagBag from /home/airflow/.local/lib/python3.7/site-packages/airflow/example_dags/example_xcomargs.py
[2024-01-30 16:46:40,922] {processor.py:651} INFO - DAG(s) dict_keys(['example_xcom_args', 'example_xcom_args_with_operators']) retrieved from /home/airflow/.local/lib/python3.7/site-packages/airflow/example_dags/example_xcomargs.py
[2024-01-30 16:46:41,353] {logging_mixin.py:115} INFO - [2024-01-30 16:46:41,353] {manager.py:508} INFO - Created Permission View: can edit on DAG:example_xcom_args
[2024-01-30 16:46:41,365] {logging_mixin.py:115} INFO - [2024-01-30 16:46:41,365] {manager.py:508} INFO - Created Permission View: can read on DAG:example_xcom_args
[2024-01-30 16:46:41,372] {logging_mixin.py:115} INFO - [2024-01-30 16:46:41,372] {manager.py:508} INFO - Created Permission View: can delete on DAG:example_xcom_args
[2024-01-30 16:46:41,400] {logging_mixin.py:115} INFO - [2024-01-30 16:46:41,400] {manager.py:508} INFO - Created Permission View: can edit on DAG:example_xcom_args_with_operators
[2024-01-30 16:46:41,409] {logging_mixin.py:115} INFO - [2024-01-30 16:46:41,409] {manager.py:508} INFO - Created Permission View: can read on DAG:example_xcom_args_with_operators
[2024-01-30 16:46:41,419] {logging_mixin.py:115} INFO - [2024-01-30 16:46:41,419] {manager.py:508} INFO - Created Permission View: can delete on DAG:example_xcom_args_with_operators
[2024-01-30 16:46:41,423] {logging_mixin.py:115} INFO - [2024-01-30 16:46:41,423] {dag.py:2371} INFO - Sync 2 DAGs
[2024-01-30 16:46:41,443] {logging_mixin.py:115} INFO - [2024-01-30 16:46:41,443] {dag.py:2390} INFO - Creating ORM DAG for example_xcom_args_with_operators
[2024-01-30 16:46:41,444] {logging_mixin.py:115} INFO - [2024-01-30 16:46:41,444] {dag.py:2390} INFO - Creating ORM DAG for example_xcom_args
[2024-01-30 16:46:41,461] {logging_mixin.py:115} INFO - [2024-01-30 16:46:41,461] {dag.py:2919} INFO - Setting next_dagrun for example_xcom_args to None, run_after=None
[2024-01-30 16:46:41,467] {logging_mixin.py:115} INFO - [2024-01-30 16:46:41,467] {dag.py:2919} INFO - Setting next_dagrun for example_xcom_args_with_operators to None, run_after=None
[2024-01-30 16:46:41,484] {processor.py:161} INFO - Processing /home/airflow/.local/lib/python3.7/site-packages/airflow/example_dags/example_xcomargs.py took 0.619 seconds
[2024-01-30 16:47:12,286] {processor.py:153} INFO - Started process (PID=111) to work on /home/airflow/.local/lib/python3.7/site-packages/airflow/example_dags/example_xcomargs.py
[2024-01-30 16:47:12,288] {processor.py:641} INFO - Processing file /home/airflow/.local/lib/python3.7/site-packages/airflow/example_dags/example_xcomargs.py for tasks to queue
[2024-01-30 16:47:12,289] {logging_mixin.py:115} INFO - [2024-01-30 16:47:12,288] {dagbag.py:507} INFO - Filling up the DagBag from /home/airflow/.local/lib/python3.7/site-packages/airflow/example_dags/example_xcomargs.py
[2024-01-30 16:47:12,299] {processor.py:651} INFO - DAG(s) dict_keys(['example_xcom_args', 'example_xcom_args_with_operators']) retrieved from /home/airflow/.local/lib/python3.7/site-packages/airflow/example_dags/example_xcomargs.py
[2024-01-30 16:47:12,421] {logging_mixin.py:115} INFO - [2024-01-30 16:47:12,421] {dag.py:2371} INFO - Sync 2 DAGs
[2024-01-30 16:47:12,435] {logging_mixin.py:115} INFO - [2024-01-30 16:47:12,435] {dag.py:2919} INFO - Setting next_dagrun for example_xcom_args to None, run_after=None
[2024-01-30 16:47:12,435] {logging_mixin.py:115} INFO - [2024-01-30 16:47:12,435] {dag.py:2919} INFO - Setting next_dagrun for example_xcom_args_with_operators to None, run_after=None
[2024-01-30 16:47:12,444] {processor.py:161} INFO - Processing /home/airflow/.local/lib/python3.7/site-packages/airflow/example_dags/example_xcomargs.py took 0.160 seconds
