[2024-01-30 16:46:39,603] {processor.py:153} INFO - Started process (PID=43) to work on /home/airflow/.local/lib/python3.7/site-packages/airflow/example_dags/example_branch_labels.py
[2024-01-30 16:46:39,604] {processor.py:641} INFO - Processing file /home/airflow/.local/lib/python3.7/site-packages/airflow/example_dags/example_branch_labels.py for tasks to queue
[2024-01-30 16:46:39,604] {logging_mixin.py:115} INFO - [2024-01-30 16:46:39,604] {dagbag.py:507} INFO - Filling up the DagBag from /home/airflow/.local/lib/python3.7/site-packages/airflow/example_dags/example_branch_labels.py
[2024-01-30 16:46:39,609] {processor.py:651} INFO - DAG(s) dict_keys(['example_branch_labels']) retrieved from /home/airflow/.local/lib/python3.7/site-packages/airflow/example_dags/example_branch_labels.py
[2024-01-30 16:46:39,825] {logging_mixin.py:115} INFO - [2024-01-30 16:46:39,824] {manager.py:508} INFO - Created Permission View: can edit on DAG:example_branch_labels
[2024-01-30 16:46:39,832] {logging_mixin.py:115} INFO - [2024-01-30 16:46:39,832] {manager.py:508} INFO - Created Permission View: can read on DAG:example_branch_labels
[2024-01-30 16:46:39,837] {logging_mixin.py:115} INFO - [2024-01-30 16:46:39,837] {manager.py:508} INFO - Created Permission View: can delete on DAG:example_branch_labels
[2024-01-30 16:46:39,838] {logging_mixin.py:115} INFO - [2024-01-30 16:46:39,838] {dag.py:2371} INFO - Sync 1 DAGs
[2024-01-30 16:46:39,845] {logging_mixin.py:115} INFO - [2024-01-30 16:46:39,845] {dag.py:2390} INFO - Creating ORM DAG for example_branch_labels
[2024-01-30 16:46:39,854] {logging_mixin.py:115} INFO - [2024-01-30 16:46:39,854] {dag.py:2919} INFO - Setting next_dagrun for example_branch_labels to 2024-01-29T00:00:00+00:00, run_after=2024-01-30T00:00:00+00:00
[2024-01-30 16:46:39,862] {processor.py:161} INFO - Processing /home/airflow/.local/lib/python3.7/site-packages/airflow/example_dags/example_branch_labels.py took 0.262 seconds
[2024-01-30 16:47:09,900] {processor.py:153} INFO - Started process (PID=104) to work on /home/airflow/.local/lib/python3.7/site-packages/airflow/example_dags/example_branch_labels.py
[2024-01-30 16:47:09,901] {processor.py:641} INFO - Processing file /home/airflow/.local/lib/python3.7/site-packages/airflow/example_dags/example_branch_labels.py for tasks to queue
[2024-01-30 16:47:09,901] {logging_mixin.py:115} INFO - [2024-01-30 16:47:09,901] {dagbag.py:507} INFO - Filling up the DagBag from /home/airflow/.local/lib/python3.7/site-packages/airflow/example_dags/example_branch_labels.py
[2024-01-30 16:47:09,906] {processor.py:651} INFO - DAG(s) dict_keys(['example_branch_labels']) retrieved from /home/airflow/.local/lib/python3.7/site-packages/airflow/example_dags/example_branch_labels.py
[2024-01-30 16:47:09,936] {logging_mixin.py:115} INFO - [2024-01-30 16:47:09,936] {dag.py:2371} INFO - Sync 1 DAGs
[2024-01-30 16:47:09,957] {logging_mixin.py:115} INFO - [2024-01-30 16:47:09,956] {dag.py:2919} INFO - Setting next_dagrun for example_branch_labels to 2024-01-29T00:00:00+00:00, run_after=2024-01-30T00:00:00+00:00
[2024-01-30 16:47:09,966] {processor.py:161} INFO - Processing /home/airflow/.local/lib/python3.7/site-packages/airflow/example_dags/example_branch_labels.py took 0.068 seconds
[2024-01-30 16:47:40,761] {processor.py:153} INFO - Started process (PID=166) to work on /home/airflow/.local/lib/python3.7/site-packages/airflow/example_dags/example_branch_labels.py
[2024-01-30 16:47:40,762] {processor.py:641} INFO - Processing file /home/airflow/.local/lib/python3.7/site-packages/airflow/example_dags/example_branch_labels.py for tasks to queue
[2024-01-30 16:47:40,763] {logging_mixin.py:115} INFO - [2024-01-30 16:47:40,763] {dagbag.py:507} INFO - Filling up the DagBag from /home/airflow/.local/lib/python3.7/site-packages/airflow/example_dags/example_branch_labels.py
[2024-01-30 16:47:40,768] {processor.py:651} INFO - DAG(s) dict_keys(['example_branch_labels']) retrieved from /home/airflow/.local/lib/python3.7/site-packages/airflow/example_dags/example_branch_labels.py
[2024-01-30 16:47:40,786] {logging_mixin.py:115} INFO - [2024-01-30 16:47:40,786] {dag.py:2371} INFO - Sync 1 DAGs
[2024-01-30 16:47:40,800] {logging_mixin.py:115} INFO - [2024-01-30 16:47:40,799] {dag.py:2919} INFO - Setting next_dagrun for example_branch_labels to 2024-01-29T00:00:00+00:00, run_after=2024-01-30T00:00:00+00:00
[2024-01-30 16:47:40,806] {processor.py:161} INFO - Processing /home/airflow/.local/lib/python3.7/site-packages/airflow/example_dags/example_branch_labels.py took 0.047 seconds
