[2024-01-30 16:46:38,979] {processor.py:153} INFO - Started process (PID=42) to work on /home/airflow/.local/lib/python3.7/site-packages/airflow/example_dags/tutorial_taskflow_api_etl_virtualenv.py
[2024-01-30 16:46:38,980] {processor.py:641} INFO - Processing file /home/airflow/.local/lib/python3.7/site-packages/airflow/example_dags/tutorial_taskflow_api_etl_virtualenv.py for tasks to queue
[2024-01-30 16:46:38,980] {logging_mixin.py:115} INFO - [2024-01-30 16:46:38,980] {dagbag.py:507} INFO - Filling up the DagBag from /home/airflow/.local/lib/python3.7/site-packages/airflow/example_dags/tutorial_taskflow_api_etl_virtualenv.py
[2024-01-30 16:46:38,995] {processor.py:651} INFO - DAG(s) dict_keys(['tutorial_taskflow_api_etl_virtualenv']) retrieved from /home/airflow/.local/lib/python3.7/site-packages/airflow/example_dags/tutorial_taskflow_api_etl_virtualenv.py
[2024-01-30 16:46:39,565] {logging_mixin.py:115} INFO - [2024-01-30 16:46:39,565] {manager.py:508} INFO - Created Permission View: can edit on DAG:tutorial_taskflow_api_etl_virtualenv
[2024-01-30 16:46:39,573] {logging_mixin.py:115} INFO - [2024-01-30 16:46:39,573] {manager.py:508} INFO - Created Permission View: can read on DAG:tutorial_taskflow_api_etl_virtualenv
[2024-01-30 16:46:39,580] {logging_mixin.py:115} INFO - [2024-01-30 16:46:39,580] {manager.py:508} INFO - Created Permission View: can delete on DAG:tutorial_taskflow_api_etl_virtualenv
[2024-01-30 16:46:39,580] {logging_mixin.py:115} INFO - [2024-01-30 16:46:39,580] {dag.py:2371} INFO - Sync 1 DAGs
[2024-01-30 16:46:39,588] {logging_mixin.py:115} INFO - [2024-01-30 16:46:39,588] {dag.py:2390} INFO - Creating ORM DAG for tutorial_taskflow_api_etl_virtualenv
[2024-01-30 16:46:39,596] {logging_mixin.py:115} INFO - [2024-01-30 16:46:39,596] {dag.py:2919} INFO - Setting next_dagrun for tutorial_taskflow_api_etl_virtualenv to None, run_after=None
[2024-01-30 16:46:39,606] {processor.py:161} INFO - Processing /home/airflow/.local/lib/python3.7/site-packages/airflow/example_dags/tutorial_taskflow_api_etl_virtualenv.py took 0.629 seconds
[2024-01-30 16:47:09,847] {processor.py:153} INFO - Started process (PID=103) to work on /home/airflow/.local/lib/python3.7/site-packages/airflow/example_dags/tutorial_taskflow_api_etl_virtualenv.py
[2024-01-30 16:47:09,848] {processor.py:641} INFO - Processing file /home/airflow/.local/lib/python3.7/site-packages/airflow/example_dags/tutorial_taskflow_api_etl_virtualenv.py for tasks to queue
[2024-01-30 16:47:09,848] {logging_mixin.py:115} INFO - [2024-01-30 16:47:09,848] {dagbag.py:507} INFO - Filling up the DagBag from /home/airflow/.local/lib/python3.7/site-packages/airflow/example_dags/tutorial_taskflow_api_etl_virtualenv.py
[2024-01-30 16:47:09,859] {processor.py:651} INFO - DAG(s) dict_keys(['tutorial_taskflow_api_etl_virtualenv']) retrieved from /home/airflow/.local/lib/python3.7/site-packages/airflow/example_dags/tutorial_taskflow_api_etl_virtualenv.py
[2024-01-30 16:47:10,073] {logging_mixin.py:115} INFO - [2024-01-30 16:47:10,073] {dag.py:2371} INFO - Sync 1 DAGs
[2024-01-30 16:47:10,083] {logging_mixin.py:115} INFO - [2024-01-30 16:47:10,083] {dag.py:2919} INFO - Setting next_dagrun for tutorial_taskflow_api_etl_virtualenv to None, run_after=None
[2024-01-30 16:47:10,091] {processor.py:161} INFO - Processing /home/airflow/.local/lib/python3.7/site-packages/airflow/example_dags/tutorial_taskflow_api_etl_virtualenv.py took 0.246 seconds
[2024-01-30 16:47:40,712] {processor.py:153} INFO - Started process (PID=165) to work on /home/airflow/.local/lib/python3.7/site-packages/airflow/example_dags/tutorial_taskflow_api_etl_virtualenv.py
[2024-01-30 16:47:40,713] {processor.py:641} INFO - Processing file /home/airflow/.local/lib/python3.7/site-packages/airflow/example_dags/tutorial_taskflow_api_etl_virtualenv.py for tasks to queue
[2024-01-30 16:47:40,713] {logging_mixin.py:115} INFO - [2024-01-30 16:47:40,713] {dagbag.py:507} INFO - Filling up the DagBag from /home/airflow/.local/lib/python3.7/site-packages/airflow/example_dags/tutorial_taskflow_api_etl_virtualenv.py
[2024-01-30 16:47:40,723] {processor.py:651} INFO - DAG(s) dict_keys(['tutorial_taskflow_api_etl_virtualenv']) retrieved from /home/airflow/.local/lib/python3.7/site-packages/airflow/example_dags/tutorial_taskflow_api_etl_virtualenv.py
[2024-01-30 16:47:40,915] {logging_mixin.py:115} INFO - [2024-01-30 16:47:40,915] {dag.py:2371} INFO - Sync 1 DAGs
[2024-01-30 16:47:40,925] {logging_mixin.py:115} INFO - [2024-01-30 16:47:40,925] {dag.py:2919} INFO - Setting next_dagrun for tutorial_taskflow_api_etl_virtualenv to None, run_after=None
[2024-01-30 16:47:40,932] {processor.py:161} INFO - Processing /home/airflow/.local/lib/python3.7/site-packages/airflow/example_dags/tutorial_taskflow_api_etl_virtualenv.py took 0.221 seconds
